--------------------------------
【执行时间】：2021/7/17 11:22:04
【工作时间ms】：N/A
【Sql参数】：
【Sql语句】：SELECT [Name],[JobGroup],[AssemblyName],[NameSpace],[ClassName],[JobParams],[IsStart],[BeginTime],[EndTime],[RunCounts],[Remark],[Log],[TriggerType],[Cron],[IntervalSecond],[Id] FROM [TimedTask]  WHERE ( [IsStart]=1 )

--------------------------------
【执行时间】：2021/7/17 20:55:38
【工作时间ms】：N/A
【Sql参数】：
【Sql语句】：SELECT [Name],[JobGroup],[AssemblyName],[NameSpace],[ClassName],[JobParams],[IsStart],[BeginTime],[EndTime],[RunCounts],[Remark],[Log],[TriggerType],[Cron],[IntervalSecond],[Id] FROM [TimedTask]  WHERE ( [IsStart]=1 )

--------------------------------
【执行时间】：2021/7/17 20:57:49
【工作时间ms】：N/A
【Sql参数】：@LoginName0:string|@constant1:B45CFFE084DD3D20D928BEE85E7B0F21
【Sql语句】：SELECT [PlaintextPwd],[ErrorCount],[Remark],[Enabled],[AdminSignalrConnectionId],[NickName],[LoginName],[LoginPWD],[Avatar],[CreateTime],[UpdateTime],[LastLoginTime],[Id] FROM [User]  WHERE (( ( [Enabled]=1 ) AND( [LoginName] = @LoginName0 )) AND ( [LoginPWD] =@constant1))

--------------------------------
【执行时间】：2021/7/17 20:57:52
【工作时间ms】：N/A
【Sql参数】：@LoginName0:string|@constant1:B45CFFE084DD3D20D928BEE85E7B0F21
【Sql语句】：SELECT [PlaintextPwd],[ErrorCount],[Remark],[Enabled],[AdminSignalrConnectionId],[NickName],[LoginName],[LoginPWD],[Avatar],[CreateTime],[UpdateTime],[LastLoginTime],[Id] FROM [User]  WHERE (( ( [Enabled]=1 ) AND( [LoginName] = @LoginName0 )) AND ( [LoginPWD] =@constant1))

--------------------------------
【执行时间】：2021/7/17 20:58:01
【工作时间ms】：N/A
【Sql参数】：@LoginName0:string|@constant1:B45CFFE084DD3D20D928BEE85E7B0F21
【Sql语句】：SELECT [PlaintextPwd],[ErrorCount],[Remark],[Enabled],[AdminSignalrConnectionId],[NickName],[LoginName],[LoginPWD],[Avatar],[CreateTime],[UpdateTime],[LastLoginTime],[Id] FROM [User]  WHERE (( ( [Enabled]=1 ) AND( [LoginName] = @LoginName0 )) AND ( [LoginPWD] =@constant1))

--------------------------------
【执行时间】：2021/7/17 20:58:03
【工作时间ms】：N/A
【Sql参数】：@LoginName0:string|@constant1:B45CFFE084DD3D20D928BEE85E7B0F21
【Sql语句】：SELECT [PlaintextPwd],[ErrorCount],[Remark],[Enabled],[AdminSignalrConnectionId],[NickName],[LoginName],[LoginPWD],[Avatar],[CreateTime],[UpdateTime],[LastLoginTime],[Id] FROM [User]  WHERE (( ( [Enabled]=1 ) AND( [LoginName] = @LoginName0 )) AND ( [LoginPWD] =@constant1))

--------------------------------
【执行时间】：2021/7/17 20:58:07
【工作时间ms】：N/A
【Sql参数】：@LoginName0:string|@constant1:B45CFFE084DD3D20D928BEE85E7B0F21
【Sql语句】：SELECT [PlaintextPwd],[ErrorCount],[Remark],[Enabled],[AdminSignalrConnectionId],[NickName],[LoginName],[LoginPWD],[Avatar],[CreateTime],[UpdateTime],[LastLoginTime],[Id] FROM [User]  WHERE (( ( [Enabled]=1 ) AND( [LoginName] = @LoginName0 )) AND ( [LoginPWD] =@constant1))

--------------------------------
【执行时间】：2021/7/17 21:00:42
【工作时间ms】：N/A
【Sql参数】：
【Sql语句】：SELECT sysobjects.name AS TableName,                           syscolumns.Id AS TableId,                           syscolumns.name AS DbColumnName,                           systypes.name AS DataType,                           COLUMNPROPERTY(syscolumns.id,syscolumns.name,'PRECISION') as [length],                           isnull(COLUMNPROPERTY(syscolumns.id,syscolumns.name,'Scale'),0) as Scale, 						   isnull(COLUMNPROPERTY(syscolumns.id,syscolumns.name,'Scale'),0) as DecimalDigits,                           sys.extended_properties.[value] AS [ColumnDescription],                           syscomments.text AS DefaultValue,                           syscolumns.isnullable AS IsNullable,	                       columnproperty(syscolumns.id,syscolumns.name,'IsIdentity')as IsIdentity,                           (CASE                                WHEN EXISTS                                       (                                              	select 1												from sysindexes i												join sysindexkeys k on i.id = k.id and i.indid = k.indid												join sysobjects o on i.id = o.id												join syscolumns c on i.id=c.id and k.colid = c.colid												where o.xtype = 'U' 												and exists(select 1 from sysobjects where xtype = 'PK' and name = i.name) 												and o.name=sysobjects.name and c.name=syscolumns.name                                       ) THEN 1                                ELSE 0                            END) AS IsPrimaryKey                    FROM syscolumns                    INNER JOIN systypes ON syscolumns.xtype = systypes.xtype                    LEFT JOIN sysobjects ON syscolumns.id = sysobjects.id                    LEFT OUTER JOIN sys.extended_properties ON (sys.extended_properties.minor_id = syscolumns.colid                                                                AND sys.extended_properties.major_id = syscolumns.id)                    LEFT OUTER JOIN syscomments ON syscolumns.cdefault = syscomments.id                    WHERE syscolumns.id IN                        (SELECT id                         FROM sysobjects                         WHERE upper(xtype) IN('U',                                        'V') )                      AND (systypes.name <> 'sysname')                      AND sysobjects.name='Feature'                      AND systypes.name<>'geometry'                      AND systypes.name<>'geography'                    ORDER BY syscolumns.colid

--------------------------------
【执行时间】：2021/7/17 21:00:42
【工作时间ms】：N/A
【Sql参数】：
【Sql语句】：SELECT sysobjects.name AS TableName,                           syscolumns.Id AS TableId,                           syscolumns.name AS DbColumnName,                           systypes.name AS DataType,                           COLUMNPROPERTY(syscolumns.id,syscolumns.name,'PRECISION') as [length],                           isnull(COLUMNPROPERTY(syscolumns.id,syscolumns.name,'Scale'),0) as Scale, 						   isnull(COLUMNPROPERTY(syscolumns.id,syscolumns.name,'Scale'),0) as DecimalDigits,                           sys.extended_properties.[value] AS [ColumnDescription],                           syscomments.text AS DefaultValue,                           syscolumns.isnullable AS IsNullable,	                       columnproperty(syscolumns.id,syscolumns.name,'IsIdentity')as IsIdentity,                           (CASE                                WHEN EXISTS                                       (                                              	select 1												from sysindexes i												join sysindexkeys k on i.id = k.id and i.indid = k.indid												join sysobjects o on i.id = o.id												join syscolumns c on i.id=c.id and k.colid = c.colid												where o.xtype = 'U' 												and exists(select 1 from sysobjects where xtype = 'PK' and name = i.name) 												and o.name=sysobjects.name and c.name=syscolumns.name                                       ) THEN 1                                ELSE 0                            END) AS IsPrimaryKey                    FROM syscolumns                    INNER JOIN systypes ON syscolumns.xtype = systypes.xtype                    LEFT JOIN sysobjects ON syscolumns.id = sysobjects.id                    LEFT OUTER JOIN sys.extended_properties ON (sys.extended_properties.minor_id = syscolumns.colid                                                                AND sys.extended_properties.major_id = syscolumns.id)                    LEFT OUTER JOIN syscomments ON syscolumns.cdefault = syscomments.id                    WHERE syscolumns.id IN                        (SELECT id                         FROM sysobjects                         WHERE upper(xtype) IN('U',                                        'V') )                      AND (systypes.name <> 'sysname')                      AND sysobjects.name='InterfaceInfo'                      AND systypes.name<>'geometry'                      AND systypes.name<>'geography'                    ORDER BY syscolumns.colid

--------------------------------
【执行时间】：2021/7/17 21:00:43
【工作时间ms】：N/A
【Sql参数】：
【Sql语句】：SELECT sysobjects.name AS TableName,                           syscolumns.Id AS TableId,                           syscolumns.name AS DbColumnName,                           systypes.name AS DataType,                           COLUMNPROPERTY(syscolumns.id,syscolumns.name,'PRECISION') as [length],                           isnull(COLUMNPROPERTY(syscolumns.id,syscolumns.name,'Scale'),0) as Scale, 						   isnull(COLUMNPROPERTY(syscolumns.id,syscolumns.name,'Scale'),0) as DecimalDigits,                           sys.extended_properties.[value] AS [ColumnDescription],                           syscomments.text AS DefaultValue,                           syscolumns.isnullable AS IsNullable,	                       columnproperty(syscolumns.id,syscolumns.name,'IsIdentity')as IsIdentity,                           (CASE                                WHEN EXISTS                                       (                                              	select 1												from sysindexes i												join sysindexkeys k on i.id = k.id and i.indid = k.indid												join sysobjects o on i.id = o.id												join syscolumns c on i.id=c.id and k.colid = c.colid												where o.xtype = 'U' 												and exists(select 1 from sysobjects where xtype = 'PK' and name = i.name) 												and o.name=sysobjects.name and c.name=syscolumns.name                                       ) THEN 1                                ELSE 0                            END) AS IsPrimaryKey                    FROM syscolumns                    INNER JOIN systypes ON syscolumns.xtype = systypes.xtype                    LEFT JOIN sysobjects ON syscolumns.id = sysobjects.id                    LEFT OUTER JOIN sys.extended_properties ON (sys.extended_properties.minor_id = syscolumns.colid                                                                AND sys.extended_properties.major_id = syscolumns.id)                    LEFT OUTER JOIN syscomments ON syscolumns.cdefault = syscomments.id                    WHERE syscolumns.id IN                        (SELECT id                         FROM sysobjects                         WHERE upper(xtype) IN('U',                                        'V') )                      AND (systypes.name <> 'sysname')                      AND sysobjects.name='Role'                      AND systypes.name<>'geometry'                      AND systypes.name<>'geography'                    ORDER BY syscolumns.colid

--------------------------------
【执行时间】：2021/7/17 21:00:43
【工作时间ms】：N/A
【Sql参数】：
【Sql语句】：SELECT sysobjects.name AS TableName,                           syscolumns.Id AS TableId,                           syscolumns.name AS DbColumnName,                           systypes.name AS DataType,                           COLUMNPROPERTY(syscolumns.id,syscolumns.name,'PRECISION') as [length],                           isnull(COLUMNPROPERTY(syscolumns.id,syscolumns.name,'Scale'),0) as Scale, 						   isnull(COLUMNPROPERTY(syscolumns.id,syscolumns.name,'Scale'),0) as DecimalDigits,                           sys.extended_properties.[value] AS [ColumnDescription],                           syscomments.text AS DefaultValue,                           syscolumns.isnullable AS IsNullable,	                       columnproperty(syscolumns.id,syscolumns.name,'IsIdentity')as IsIdentity,                           (CASE                                WHEN EXISTS                                       (                                              	select 1												from sysindexes i												join sysindexkeys k on i.id = k.id and i.indid = k.indid												join sysobjects o on i.id = o.id												join syscolumns c on i.id=c.id and k.colid = c.colid												where o.xtype = 'U' 												and exists(select 1 from sysobjects where xtype = 'PK' and name = i.name) 												and o.name=sysobjects.name and c.name=syscolumns.name                                       ) THEN 1                                ELSE 0                            END) AS IsPrimaryKey                    FROM syscolumns                    INNER JOIN systypes ON syscolumns.xtype = systypes.xtype                    LEFT JOIN sysobjects ON syscolumns.id = sysobjects.id                    LEFT OUTER JOIN sys.extended_properties ON (sys.extended_properties.minor_id = syscolumns.colid                                                                AND sys.extended_properties.major_id = syscolumns.id)                    LEFT OUTER JOIN syscomments ON syscolumns.cdefault = syscomments.id                    WHERE syscolumns.id IN                        (SELECT id                         FROM sysobjects                         WHERE upper(xtype) IN('U',                                        'V') )                      AND (systypes.name <> 'sysname')                      AND sysobjects.name='RoleFeature'                      AND systypes.name<>'geometry'                      AND systypes.name<>'geography'                    ORDER BY syscolumns.colid

--------------------------------
【执行时间】：2021/7/17 21:00:43
【工作时间ms】：N/A
【Sql参数】：
【Sql语句】：SELECT sysobjects.name AS TableName,                           syscolumns.Id AS TableId,                           syscolumns.name AS DbColumnName,                           systypes.name AS DataType,                           COLUMNPROPERTY(syscolumns.id,syscolumns.name,'PRECISION') as [length],                           isnull(COLUMNPROPERTY(syscolumns.id,syscolumns.name,'Scale'),0) as Scale, 						   isnull(COLUMNPROPERTY(syscolumns.id,syscolumns.name,'Scale'),0) as DecimalDigits,                           sys.extended_properties.[value] AS [ColumnDescription],                           syscomments.text AS DefaultValue,                           syscolumns.isnullable AS IsNullable,	                       columnproperty(syscolumns.id,syscolumns.name,'IsIdentity')as IsIdentity,                           (CASE                                WHEN EXISTS                                       (                                              	select 1												from sysindexes i												join sysindexkeys k on i.id = k.id and i.indid = k.indid												join sysobjects o on i.id = o.id												join syscolumns c on i.id=c.id and k.colid = c.colid												where o.xtype = 'U' 												and exists(select 1 from sysobjects where xtype = 'PK' and name = i.name) 												and o.name=sysobjects.name and c.name=syscolumns.name                                       ) THEN 1                                ELSE 0                            END) AS IsPrimaryKey                    FROM syscolumns                    INNER JOIN systypes ON syscolumns.xtype = systypes.xtype                    LEFT JOIN sysobjects ON syscolumns.id = sysobjects.id                    LEFT OUTER JOIN sys.extended_properties ON (sys.extended_properties.minor_id = syscolumns.colid                                                                AND sys.extended_properties.major_id = syscolumns.id)                    LEFT OUTER JOIN syscomments ON syscolumns.cdefault = syscomments.id                    WHERE syscolumns.id IN                        (SELECT id                         FROM sysobjects                         WHERE upper(xtype) IN('U',                                        'V') )                      AND (systypes.name <> 'sysname')                      AND sysobjects.name='RoleInterface'                      AND systypes.name<>'geometry'                      AND systypes.name<>'geography'                    ORDER BY syscolumns.colid

--------------------------------
【执行时间】：2021/7/17 21:00:43
【工作时间ms】：N/A
【Sql参数】：
【Sql语句】：ALTER TABLE [TimedTask] ALTER COLUMN [Log] nvarchar(max) NULL  

--------------------------------
【执行时间】：2021/7/17 21:00:43
【工作时间ms】：N/A
【Sql参数】：
【Sql语句】：SELECT sysobjects.name AS TableName,                           syscolumns.Id AS TableId,                           syscolumns.name AS DbColumnName,                           systypes.name AS DataType,                           COLUMNPROPERTY(syscolumns.id,syscolumns.name,'PRECISION') as [length],                           isnull(COLUMNPROPERTY(syscolumns.id,syscolumns.name,'Scale'),0) as Scale, 						   isnull(COLUMNPROPERTY(syscolumns.id,syscolumns.name,'Scale'),0) as DecimalDigits,                           sys.extended_properties.[value] AS [ColumnDescription],                           syscomments.text AS DefaultValue,                           syscolumns.isnullable AS IsNullable,	                       columnproperty(syscolumns.id,syscolumns.name,'IsIdentity')as IsIdentity,                           (CASE                                WHEN EXISTS                                       (                                              	select 1												from sysindexes i												join sysindexkeys k on i.id = k.id and i.indid = k.indid												join sysobjects o on i.id = o.id												join syscolumns c on i.id=c.id and k.colid = c.colid												where o.xtype = 'U' 												and exists(select 1 from sysobjects where xtype = 'PK' and name = i.name) 												and o.name=sysobjects.name and c.name=syscolumns.name                                       ) THEN 1                                ELSE 0                            END) AS IsPrimaryKey                    FROM syscolumns                    INNER JOIN systypes ON syscolumns.xtype = systypes.xtype                    LEFT JOIN sysobjects ON syscolumns.id = sysobjects.id                    LEFT OUTER JOIN sys.extended_properties ON (sys.extended_properties.minor_id = syscolumns.colid                                                                AND sys.extended_properties.major_id = syscolumns.id)                    LEFT OUTER JOIN syscomments ON syscolumns.cdefault = syscomments.id                    WHERE syscolumns.id IN                        (SELECT id                         FROM sysobjects                         WHERE upper(xtype) IN('U',                                        'V') )                      AND (systypes.name <> 'sysname')                      AND sysobjects.name='TimedTask'                      AND systypes.name<>'geometry'                      AND systypes.name<>'geography'                    ORDER BY syscolumns.colid

--------------------------------
【执行时间】：2021/7/17 21:00:44
【工作时间ms】：N/A
【Sql参数】：
【Sql语句】：ALTER TABLE [User] ADD [AdminSignalrConnectionId] varchar(255) NOT NULL  

--------------------------------
【执行时间】：2021/7/17 21:01:29
【工作时间ms】：N/A
【Sql参数】：
【Sql语句】：SELECT sysobjects.name AS TableName,                           syscolumns.Id AS TableId,                           syscolumns.name AS DbColumnName,                           systypes.name AS DataType,                           COLUMNPROPERTY(syscolumns.id,syscolumns.name,'PRECISION') as [length],                           isnull(COLUMNPROPERTY(syscolumns.id,syscolumns.name,'Scale'),0) as Scale, 						   isnull(COLUMNPROPERTY(syscolumns.id,syscolumns.name,'Scale'),0) as DecimalDigits,                           sys.extended_properties.[value] AS [ColumnDescription],                           syscomments.text AS DefaultValue,                           syscolumns.isnullable AS IsNullable,	                       columnproperty(syscolumns.id,syscolumns.name,'IsIdentity')as IsIdentity,                           (CASE                                WHEN EXISTS                                       (                                              	select 1												from sysindexes i												join sysindexkeys k on i.id = k.id and i.indid = k.indid												join sysobjects o on i.id = o.id												join syscolumns c on i.id=c.id and k.colid = c.colid												where o.xtype = 'U' 												and exists(select 1 from sysobjects where xtype = 'PK' and name = i.name) 												and o.name=sysobjects.name and c.name=syscolumns.name                                       ) THEN 1                                ELSE 0                            END) AS IsPrimaryKey                    FROM syscolumns                    INNER JOIN systypes ON syscolumns.xtype = systypes.xtype                    LEFT JOIN sysobjects ON syscolumns.id = sysobjects.id                    LEFT OUTER JOIN sys.extended_properties ON (sys.extended_properties.minor_id = syscolumns.colid                                                                AND sys.extended_properties.major_id = syscolumns.id)                    LEFT OUTER JOIN syscomments ON syscolumns.cdefault = syscomments.id                    WHERE syscolumns.id IN                        (SELECT id                         FROM sysobjects                         WHERE upper(xtype) IN('U',                                        'V') )                      AND (systypes.name <> 'sysname')                      AND sysobjects.name='Feature'                      AND systypes.name<>'geometry'                      AND systypes.name<>'geography'                    ORDER BY syscolumns.colid

--------------------------------
【执行时间】：2021/7/17 21:01:29
【工作时间ms】：N/A
【Sql参数】：
【Sql语句】：SELECT sysobjects.name AS TableName,                           syscolumns.Id AS TableId,                           syscolumns.name AS DbColumnName,                           systypes.name AS DataType,                           COLUMNPROPERTY(syscolumns.id,syscolumns.name,'PRECISION') as [length],                           isnull(COLUMNPROPERTY(syscolumns.id,syscolumns.name,'Scale'),0) as Scale, 						   isnull(COLUMNPROPERTY(syscolumns.id,syscolumns.name,'Scale'),0) as DecimalDigits,                           sys.extended_properties.[value] AS [ColumnDescription],                           syscomments.text AS DefaultValue,                           syscolumns.isnullable AS IsNullable,	                       columnproperty(syscolumns.id,syscolumns.name,'IsIdentity')as IsIdentity,                           (CASE                                WHEN EXISTS                                       (                                              	select 1												from sysindexes i												join sysindexkeys k on i.id = k.id and i.indid = k.indid												join sysobjects o on i.id = o.id												join syscolumns c on i.id=c.id and k.colid = c.colid												where o.xtype = 'U' 												and exists(select 1 from sysobjects where xtype = 'PK' and name = i.name) 												and o.name=sysobjects.name and c.name=syscolumns.name                                       ) THEN 1                                ELSE 0                            END) AS IsPrimaryKey                    FROM syscolumns                    INNER JOIN systypes ON syscolumns.xtype = systypes.xtype                    LEFT JOIN sysobjects ON syscolumns.id = sysobjects.id                    LEFT OUTER JOIN sys.extended_properties ON (sys.extended_properties.minor_id = syscolumns.colid                                                                AND sys.extended_properties.major_id = syscolumns.id)                    LEFT OUTER JOIN syscomments ON syscolumns.cdefault = syscomments.id                    WHERE syscolumns.id IN                        (SELECT id                         FROM sysobjects                         WHERE upper(xtype) IN('U',                                        'V') )                      AND (systypes.name <> 'sysname')                      AND sysobjects.name='InterfaceInfo'                      AND systypes.name<>'geometry'                      AND systypes.name<>'geography'                    ORDER BY syscolumns.colid

--------------------------------
【执行时间】：2021/7/17 21:01:29
【工作时间ms】：N/A
【Sql参数】：
【Sql语句】：SELECT sysobjects.name AS TableName,                           syscolumns.Id AS TableId,                           syscolumns.name AS DbColumnName,                           systypes.name AS DataType,                           COLUMNPROPERTY(syscolumns.id,syscolumns.name,'PRECISION') as [length],                           isnull(COLUMNPROPERTY(syscolumns.id,syscolumns.name,'Scale'),0) as Scale, 						   isnull(COLUMNPROPERTY(syscolumns.id,syscolumns.name,'Scale'),0) as DecimalDigits,                           sys.extended_properties.[value] AS [ColumnDescription],                           syscomments.text AS DefaultValue,                           syscolumns.isnullable AS IsNullable,	                       columnproperty(syscolumns.id,syscolumns.name,'IsIdentity')as IsIdentity,                           (CASE                                WHEN EXISTS                                       (                                              	select 1												from sysindexes i												join sysindexkeys k on i.id = k.id and i.indid = k.indid												join sysobjects o on i.id = o.id												join syscolumns c on i.id=c.id and k.colid = c.colid												where o.xtype = 'U' 												and exists(select 1 from sysobjects where xtype = 'PK' and name = i.name) 												and o.name=sysobjects.name and c.name=syscolumns.name                                       ) THEN 1                                ELSE 0                            END) AS IsPrimaryKey                    FROM syscolumns                    INNER JOIN systypes ON syscolumns.xtype = systypes.xtype                    LEFT JOIN sysobjects ON syscolumns.id = sysobjects.id                    LEFT OUTER JOIN sys.extended_properties ON (sys.extended_properties.minor_id = syscolumns.colid                                                                AND sys.extended_properties.major_id = syscolumns.id)                    LEFT OUTER JOIN syscomments ON syscolumns.cdefault = syscomments.id                    WHERE syscolumns.id IN                        (SELECT id                         FROM sysobjects                         WHERE upper(xtype) IN('U',                                        'V') )                      AND (systypes.name <> 'sysname')                      AND sysobjects.name='Role'                      AND systypes.name<>'geometry'                      AND systypes.name<>'geography'                    ORDER BY syscolumns.colid

--------------------------------
【执行时间】：2021/7/17 21:01:30
【工作时间ms】：N/A
【Sql参数】：
【Sql语句】：SELECT sysobjects.name AS TableName,                           syscolumns.Id AS TableId,                           syscolumns.name AS DbColumnName,                           systypes.name AS DataType,                           COLUMNPROPERTY(syscolumns.id,syscolumns.name,'PRECISION') as [length],                           isnull(COLUMNPROPERTY(syscolumns.id,syscolumns.name,'Scale'),0) as Scale, 						   isnull(COLUMNPROPERTY(syscolumns.id,syscolumns.name,'Scale'),0) as DecimalDigits,                           sys.extended_properties.[value] AS [ColumnDescription],                           syscomments.text AS DefaultValue,                           syscolumns.isnullable AS IsNullable,	                       columnproperty(syscolumns.id,syscolumns.name,'IsIdentity')as IsIdentity,                           (CASE                                WHEN EXISTS                                       (                                              	select 1												from sysindexes i												join sysindexkeys k on i.id = k.id and i.indid = k.indid												join sysobjects o on i.id = o.id												join syscolumns c on i.id=c.id and k.colid = c.colid												where o.xtype = 'U' 												and exists(select 1 from sysobjects where xtype = 'PK' and name = i.name) 												and o.name=sysobjects.name and c.name=syscolumns.name                                       ) THEN 1                                ELSE 0                            END) AS IsPrimaryKey                    FROM syscolumns                    INNER JOIN systypes ON syscolumns.xtype = systypes.xtype                    LEFT JOIN sysobjects ON syscolumns.id = sysobjects.id                    LEFT OUTER JOIN sys.extended_properties ON (sys.extended_properties.minor_id = syscolumns.colid                                                                AND sys.extended_properties.major_id = syscolumns.id)                    LEFT OUTER JOIN syscomments ON syscolumns.cdefault = syscomments.id                    WHERE syscolumns.id IN                        (SELECT id                         FROM sysobjects                         WHERE upper(xtype) IN('U',                                        'V') )                      AND (systypes.name <> 'sysname')                      AND sysobjects.name='RoleFeature'                      AND systypes.name<>'geometry'                      AND systypes.name<>'geography'                    ORDER BY syscolumns.colid

--------------------------------
【执行时间】：2021/7/17 21:01:30
【工作时间ms】：N/A
【Sql参数】：
【Sql语句】：SELECT sysobjects.name AS TableName,                           syscolumns.Id AS TableId,                           syscolumns.name AS DbColumnName,                           systypes.name AS DataType,                           COLUMNPROPERTY(syscolumns.id,syscolumns.name,'PRECISION') as [length],                           isnull(COLUMNPROPERTY(syscolumns.id,syscolumns.name,'Scale'),0) as Scale, 						   isnull(COLUMNPROPERTY(syscolumns.id,syscolumns.name,'Scale'),0) as DecimalDigits,                           sys.extended_properties.[value] AS [ColumnDescription],                           syscomments.text AS DefaultValue,                           syscolumns.isnullable AS IsNullable,	                       columnproperty(syscolumns.id,syscolumns.name,'IsIdentity')as IsIdentity,                           (CASE                                WHEN EXISTS                                       (                                              	select 1												from sysindexes i												join sysindexkeys k on i.id = k.id and i.indid = k.indid												join sysobjects o on i.id = o.id												join syscolumns c on i.id=c.id and k.colid = c.colid												where o.xtype = 'U' 												and exists(select 1 from sysobjects where xtype = 'PK' and name = i.name) 												and o.name=sysobjects.name and c.name=syscolumns.name                                       ) THEN 1                                ELSE 0                            END) AS IsPrimaryKey                    FROM syscolumns                    INNER JOIN systypes ON syscolumns.xtype = systypes.xtype                    LEFT JOIN sysobjects ON syscolumns.id = sysobjects.id                    LEFT OUTER JOIN sys.extended_properties ON (sys.extended_properties.minor_id = syscolumns.colid                                                                AND sys.extended_properties.major_id = syscolumns.id)                    LEFT OUTER JOIN syscomments ON syscolumns.cdefault = syscomments.id                    WHERE syscolumns.id IN                        (SELECT id                         FROM sysobjects                         WHERE upper(xtype) IN('U',                                        'V') )                      AND (systypes.name <> 'sysname')                      AND sysobjects.name='RoleInterface'                      AND systypes.name<>'geometry'                      AND systypes.name<>'geography'                    ORDER BY syscolumns.colid

--------------------------------
【执行时间】：2021/7/17 21:01:30
【工作时间ms】：N/A
【Sql参数】：
【Sql语句】：ALTER TABLE [TimedTask] ALTER COLUMN [Log] nvarchar(max) NULL  

--------------------------------
【执行时间】：2021/7/17 21:01:30
【工作时间ms】：N/A
【Sql参数】：
【Sql语句】：SELECT sysobjects.name AS TableName,                           syscolumns.Id AS TableId,                           syscolumns.name AS DbColumnName,                           systypes.name AS DataType,                           COLUMNPROPERTY(syscolumns.id,syscolumns.name,'PRECISION') as [length],                           isnull(COLUMNPROPERTY(syscolumns.id,syscolumns.name,'Scale'),0) as Scale, 						   isnull(COLUMNPROPERTY(syscolumns.id,syscolumns.name,'Scale'),0) as DecimalDigits,                           sys.extended_properties.[value] AS [ColumnDescription],                           syscomments.text AS DefaultValue,                           syscolumns.isnullable AS IsNullable,	                       columnproperty(syscolumns.id,syscolumns.name,'IsIdentity')as IsIdentity,                           (CASE                                WHEN EXISTS                                       (                                              	select 1												from sysindexes i												join sysindexkeys k on i.id = k.id and i.indid = k.indid												join sysobjects o on i.id = o.id												join syscolumns c on i.id=c.id and k.colid = c.colid												where o.xtype = 'U' 												and exists(select 1 from sysobjects where xtype = 'PK' and name = i.name) 												and o.name=sysobjects.name and c.name=syscolumns.name                                       ) THEN 1                                ELSE 0                            END) AS IsPrimaryKey                    FROM syscolumns                    INNER JOIN systypes ON syscolumns.xtype = systypes.xtype                    LEFT JOIN sysobjects ON syscolumns.id = sysobjects.id                    LEFT OUTER JOIN sys.extended_properties ON (sys.extended_properties.minor_id = syscolumns.colid                                                                AND sys.extended_properties.major_id = syscolumns.id)                    LEFT OUTER JOIN syscomments ON syscolumns.cdefault = syscomments.id                    WHERE syscolumns.id IN                        (SELECT id                         FROM sysobjects                         WHERE upper(xtype) IN('U',                                        'V') )                      AND (systypes.name <> 'sysname')                      AND sysobjects.name='TimedTask'                      AND systypes.name<>'geometry'                      AND systypes.name<>'geography'                    ORDER BY syscolumns.colid

--------------------------------
【执行时间】：2021/7/17 21:01:30
【工作时间ms】：N/A
【Sql参数】：
【Sql语句】：ALTER TABLE [User] ADD [AdminSignalrConnectionId] varchar(255) NULL  

--------------------------------
【执行时间】：2021/7/17 21:01:30
【工作时间ms】：N/A
【Sql参数】：
【Sql语句】：SELECT sysobjects.name AS TableName,                           syscolumns.Id AS TableId,                           syscolumns.name AS DbColumnName,                           systypes.name AS DataType,                           COLUMNPROPERTY(syscolumns.id,syscolumns.name,'PRECISION') as [length],                           isnull(COLUMNPROPERTY(syscolumns.id,syscolumns.name,'Scale'),0) as Scale, 						   isnull(COLUMNPROPERTY(syscolumns.id,syscolumns.name,'Scale'),0) as DecimalDigits,                           sys.extended_properties.[value] AS [ColumnDescription],                           syscomments.text AS DefaultValue,                           syscolumns.isnullable AS IsNullable,	                       columnproperty(syscolumns.id,syscolumns.name,'IsIdentity')as IsIdentity,                           (CASE                                WHEN EXISTS                                       (                                              	select 1												from sysindexes i												join sysindexkeys k on i.id = k.id and i.indid = k.indid												join sysobjects o on i.id = o.id												join syscolumns c on i.id=c.id and k.colid = c.colid												where o.xtype = 'U' 												and exists(select 1 from sysobjects where xtype = 'PK' and name = i.name) 												and o.name=sysobjects.name and c.name=syscolumns.name                                       ) THEN 1                                ELSE 0                            END) AS IsPrimaryKey                    FROM syscolumns                    INNER JOIN systypes ON syscolumns.xtype = systypes.xtype                    LEFT JOIN sysobjects ON syscolumns.id = sysobjects.id                    LEFT OUTER JOIN sys.extended_properties ON (sys.extended_properties.minor_id = syscolumns.colid                                                                AND sys.extended_properties.major_id = syscolumns.id)                    LEFT OUTER JOIN syscomments ON syscolumns.cdefault = syscomments.id                    WHERE syscolumns.id IN                        (SELECT id                         FROM sysobjects                         WHERE upper(xtype) IN('U',                                        'V') )                      AND (systypes.name <> 'sysname')                      AND sysobjects.name='User'                      AND systypes.name<>'geometry'                      AND systypes.name<>'geography'                    ORDER BY syscolumns.colid

--------------------------------
【执行时间】：2021/7/17 21:01:30
【工作时间ms】：N/A
【Sql参数】：
【Sql语句】：SELECT sysobjects.name AS TableName,                           syscolumns.Id AS TableId,                           syscolumns.name AS DbColumnName,                           systypes.name AS DataType,                           COLUMNPROPERTY(syscolumns.id,syscolumns.name,'PRECISION') as [length],                           isnull(COLUMNPROPERTY(syscolumns.id,syscolumns.name,'Scale'),0) as Scale, 						   isnull(COLUMNPROPERTY(syscolumns.id,syscolumns.name,'Scale'),0) as DecimalDigits,                           sys.extended_properties.[value] AS [ColumnDescription],                           syscomments.text AS DefaultValue,                           syscolumns.isnullable AS IsNullable,	                       columnproperty(syscolumns.id,syscolumns.name,'IsIdentity')as IsIdentity,                           (CASE                                WHEN EXISTS                                       (                                              	select 1												from sysindexes i												join sysindexkeys k on i.id = k.id and i.indid = k.indid												join sysobjects o on i.id = o.id												join syscolumns c on i.id=c.id and k.colid = c.colid												where o.xtype = 'U' 												and exists(select 1 from sysobjects where xtype = 'PK' and name = i.name) 												and o.name=sysobjects.name and c.name=syscolumns.name                                       ) THEN 1                                ELSE 0                            END) AS IsPrimaryKey                    FROM syscolumns                    INNER JOIN systypes ON syscolumns.xtype = systypes.xtype                    LEFT JOIN sysobjects ON syscolumns.id = sysobjects.id                    LEFT OUTER JOIN sys.extended_properties ON (sys.extended_properties.minor_id = syscolumns.colid                                                                AND sys.extended_properties.major_id = syscolumns.id)                    LEFT OUTER JOIN syscomments ON syscolumns.cdefault = syscomments.id                    WHERE syscolumns.id IN                        (SELECT id                         FROM sysobjects                         WHERE upper(xtype) IN('U',                                        'V') )                      AND (systypes.name <> 'sysname')                      AND sysobjects.name='UserRole'                      AND systypes.name<>'geometry'                      AND systypes.name<>'geography'                    ORDER BY syscolumns.colid

--------------------------------
【执行时间】：2021/7/17 21:01:31
【工作时间ms】：N/A
【Sql参数】：
【Sql语句】：SELECT [Name],[JobGroup],[AssemblyName],[NameSpace],[ClassName],[JobParams],[IsStart],[BeginTime],[EndTime],[RunCounts],[Remark],[Log],[TriggerType],[Cron],[IntervalSecond],[Id] FROM [TimedTask]  WHERE ( [IsStart]=1 )

--------------------------------
【执行时间】：2021/7/17 21:04:13
【工作时间ms】：N/A
【Sql参数】：@LoginName0:string|@constant1:B45CFFE084DD3D20D928BEE85E7B0F21
【Sql语句】：SELECT [PlaintextPwd],[ErrorCount],[Remark],[Enabled],[AdminSignalrConnectionId],[NickName],[LoginName],[LoginPWD],[Avatar],[CreateTime],[UpdateTime],[LastLoginTime],[Id] FROM [User]  WHERE (( ( [Enabled]=1 ) AND( [LoginName] = @LoginName0 )) AND ( [LoginPWD] =@constant1))

--------------------------------
【执行时间】：2021/7/17 21:04:14
【工作时间ms】：N/A
【Sql参数】：@LastLoginTime0:2021/7/17 21:04:14|@Id1:167485148799045
【Sql语句】：UPDATE [User]  SET             [LastLoginTime] = @LastLoginTime0    WHERE ( [Id] = @Id1 )

--------------------------------
【执行时间】：2021/7/17 21:04:14
【工作时间ms】：N/A
【Sql参数】：@Id0:167485148799045
【Sql语句】：SELECT [PlaintextPwd],[ErrorCount],[Remark],[Enabled],[AdminSignalrConnectionId],[NickName],[LoginName],[LoginPWD],[Avatar],[CreateTime],[UpdateTime],[LastLoginTime],[Id] FROM [User]  WHERE ( [Id] = @Id0 )

--------------------------------
【执行时间】：2021/7/17 21:04:14
【工作时间ms】：N/A
【Sql参数】：@ConditionalUserId0:167485148799045
【Sql语句】：SELECT [UserId],[RoleId],[Id] FROM [UserRole]  WHERE   UserId IN ('167485148799045')   

--------------------------------
【执行时间】：2021/7/17 21:04:15
【工作时间ms】：N/A
【Sql参数】：@ConditionalId0:167501808996421
【Sql语句】：SELECT [Name],[Description],[Enabled],[CreateTime],[Id] FROM [Role]  WHERE   Id IN ('167501808996421')   

--------------------------------
【执行时间】：2021/7/17 21:06:14
【工作时间ms】：N/A
【Sql参数】：
【Sql语句】：SELECT [Name],[JobGroup],[AssemblyName],[NameSpace],[ClassName],[JobParams],[IsStart],[BeginTime],[EndTime],[RunCounts],[Remark],[Log],[TriggerType],[Cron],[IntervalSecond],[Id] FROM [TimedTask]  WHERE ( [IsStart]=1 )

--------------------------------
【执行时间】：2021/7/17 21:06:17
【工作时间ms】：N/A
【Sql参数】：@LoginName0:string|@constant1:B45CFFE084DD3D20D928BEE85E7B0F21
【Sql语句】：SELECT [PlaintextPwd],[ErrorCount],[Remark],[Enabled],[AdminSignalrConnectionId],[NickName],[LoginName],[LoginPWD],[Avatar],[CreateTime],[UpdateTime],[LastLoginTime],[Id] FROM [User]  WHERE (( ( [Enabled]=1 ) AND( [LoginName] = @LoginName0 )) AND ( [LoginPWD] =@constant1))

--------------------------------
【执行时间】：2021/7/17 21:06:17
【工作时间ms】：N/A
【Sql参数】：@LastLoginTime0:2021/7/17 21:06:17|@Id1:167485148799045
【Sql语句】：UPDATE [User]  SET             [LastLoginTime] = @LastLoginTime0    WHERE ( [Id] = @Id1 )

--------------------------------
【执行时间】：2021/7/17 21:06:18
【工作时间ms】：N/A
【Sql参数】：@Id0:167485148799045
【Sql语句】：SELECT [PlaintextPwd],[ErrorCount],[Remark],[Enabled],[AdminSignalrConnectionId],[NickName],[LoginName],[LoginPWD],[Avatar],[CreateTime],[UpdateTime],[LastLoginTime],[Id] FROM [User]  WHERE ( [Id] = @Id0 )

--------------------------------
【执行时间】：2021/7/17 21:06:18
【工作时间ms】：N/A
【Sql参数】：@ConditionalUserId0:167485148799045
【Sql语句】：SELECT [UserId],[RoleId],[Id] FROM [UserRole]  WHERE   UserId IN ('167485148799045')   

--------------------------------
【执行时间】：2021/7/17 21:06:18
【工作时间ms】：N/A
【Sql参数】：@ConditionalId0:167501808996421
【Sql语句】：SELECT [Name],[Description],[Enabled],[CreateTime],[Id] FROM [Role]  WHERE   Id IN ('167501808996421')   

--------------------------------
【执行时间】：2021/7/17 21:06:18
【工作时间ms】：N/A
【Sql参数】：@UserId0:167485148799045
【Sql语句】：SELECT  DISTINCT f.* FROM [UserRole] ur Left JOIN [Role] r ON ( [ur].[RoleId] = [r].[Id] )  Left JOIN [RoleFeature] rf ON ( [ur].[RoleId] = [rf].[RoleId] )  Left JOIN [Feature] f ON ( [rf].[FeaturesId] = [f].[Id] )   WHERE ( [ur].[UserId] = @UserId0 )  AND ( [r].[Enabled]=1 )  AND (NOT( [f].[Name]='' OR [f].[Name] IS NULL ) AND ( [f].[Enabled]=1 ) )

--------------------------------
【执行时间】：2021/7/17 21:06:54
【工作时间ms】：N/A
【Sql参数】：@LoginName0:string|@constant1:B45CFFE084DD3D20D928BEE85E7B0F21
【Sql语句】：SELECT [PlaintextPwd],[ErrorCount],[Remark],[Enabled],[AdminSignalrConnectionId],[NickName],[LoginName],[LoginPWD],[Avatar],[CreateTime],[UpdateTime],[LastLoginTime],[Id] FROM [User]  WHERE (( ( [Enabled]=1 ) AND( [LoginName] = @LoginName0 )) AND ( [LoginPWD] =@constant1))

--------------------------------
【执行时间】：2021/7/17 21:06:54
【工作时间ms】：N/A
【Sql参数】：@LastLoginTime0:2021/7/17 21:06:54|@Id1:167485148799045
【Sql语句】：UPDATE [User]  SET             [LastLoginTime] = @LastLoginTime0    WHERE ( [Id] = @Id1 )

--------------------------------
【执行时间】：2021/7/17 21:06:55
【工作时间ms】：N/A
【Sql参数】：@Id0:167485148799045
【Sql语句】：SELECT [PlaintextPwd],[ErrorCount],[Remark],[Enabled],[AdminSignalrConnectionId],[NickName],[LoginName],[LoginPWD],[Avatar],[CreateTime],[UpdateTime],[LastLoginTime],[Id] FROM [User]  WHERE ( [Id] = @Id0 )

--------------------------------
【执行时间】：2021/7/17 21:06:55
【工作时间ms】：N/A
【Sql参数】：@ConditionalUserId0:167485148799045
【Sql语句】：SELECT [UserId],[RoleId],[Id] FROM [UserRole]  WHERE   UserId IN ('167485148799045')   

--------------------------------
【执行时间】：2021/7/17 21:06:55
【工作时间ms】：N/A
【Sql参数】：@ConditionalId0:167501808996421
【Sql语句】：SELECT [Name],[Description],[Enabled],[CreateTime],[Id] FROM [Role]  WHERE   Id IN ('167501808996421')   

--------------------------------
【执行时间】：2021/7/17 21:07:35
【工作时间ms】：N/A
【Sql参数】：@MethodConst0:|@MethodConst1:
【Sql语句】： SELECT COUNT(1) FROM (SELECT [PlaintextPwd],[ErrorCount],[Remark],[Enabled],[AdminSignalrConnectionId],[NickName],[LoginName],[LoginPWD],[Avatar],[CreateTime],[UpdateTime],[LastLoginTime],[Id] FROM [User]  WHERE (([LoginName] like '%'+@MethodConst0+'%') OR ([NickName] like '%'+@MethodConst1+'%') )) CountTable 

--------------------------------
【执行时间】：2021/7/17 21:07:35
【工作时间ms】：N/A
【Sql参数】：@MethodConst0:|@MethodConst1:
【Sql语句】：SELECT * FROM (SELECT [PlaintextPwd],[ErrorCount],[Remark],[Enabled],[AdminSignalrConnectionId],[NickName],[LoginName],[LoginPWD],[Avatar],[CreateTime],[UpdateTime],[LastLoginTime],[Id],ROW_NUMBER() OVER(ORDER BY [CreateTime] DESC) AS RowIndex  FROM [User]  WHERE (([LoginName] like '%'+@MethodConst0+'%') OR ([NickName] like '%'+@MethodConst1+'%') )) T WHERE RowIndex BETWEEN 1 AND 20

--------------------------------
【执行时间】：2021/7/17 21:07:35
【工作时间ms】：N/A
【Sql参数】：@ConditionalUserId0:168549230907461,168548921942085,168205729476677,168203207692357,168185170694213,168184931029061,167485148799045
【Sql语句】：SELECT [UserId],[RoleId],[Id] FROM [UserRole]  WHERE   UserId IN ('168549230907461','168548921942085','168205729476677','168203207692357','168185170694213','168184931029061','167485148799045')   

--------------------------------
【执行时间】：2021/7/17 21:07:35
【工作时间ms】：N/A
【Sql参数】：@ConditionalId0:167501808996421,167501840007237,167748069806149,167843456700485,168111708581957,168112234131525,167843072184389
【Sql语句】：SELECT [Name],[Description],[Enabled],[CreateTime],[Id] FROM [Role]  WHERE   Id IN ('167501808996421','167501840007237','167748069806149','167843456700485','168111708581957','168112234131525','167843072184389')   

--------------------------------
【执行时间】：2021/7/17 21:07:35
【工作时间ms】：N/A
【Sql参数】：
【Sql语句】：SELECT [Name],[Description],[Enabled],[CreateTime],[Id] FROM [Role] 

--------------------------------
【执行时间】：2021/7/17 21:07:46
【工作时间ms】：N/A
【Sql参数】：@Id0:167485148799045
【Sql语句】：SELECT [PlaintextPwd],[ErrorCount],[Remark],[Enabled],[AdminSignalrConnectionId],[NickName],[LoginName],[LoginPWD],[Avatar],[CreateTime],[UpdateTime],[LastLoginTime],[Id] FROM [User]  WHERE ( ( [Enabled]=1 ) AND( [Id] = @Id0 ))

--------------------------------
【执行时间】：2021/7/17 21:07:46
【工作时间ms】：N/A
【Sql参数】：@LastLoginTime0:2021/7/17 21:07:46|@Id1:167485148799045
【Sql语句】：UPDATE [User]  SET             [LastLoginTime] = @LastLoginTime0    WHERE ( [Id] = @Id1 )

--------------------------------
【执行时间】：2021/7/17 21:07:47
【工作时间ms】：N/A
【Sql参数】：@Id0:167485148799045
【Sql语句】：SELECT [PlaintextPwd],[ErrorCount],[Remark],[Enabled],[AdminSignalrConnectionId],[NickName],[LoginName],[LoginPWD],[Avatar],[CreateTime],[UpdateTime],[LastLoginTime],[Id] FROM [User]  WHERE ( [Id] = @Id0 )

--------------------------------
【执行时间】：2021/7/17 21:07:47
【工作时间ms】：N/A
【Sql参数】：@ConditionalUserId0:167485148799045
【Sql语句】：SELECT [UserId],[RoleId],[Id] FROM [UserRole]  WHERE   UserId IN ('167485148799045')   

--------------------------------
【执行时间】：2021/7/17 21:07:47
【工作时间ms】：N/A
【Sql参数】：@ConditionalId0:167501808996421
【Sql语句】：SELECT [Name],[Description],[Enabled],[CreateTime],[Id] FROM [Role]  WHERE   Id IN ('167501808996421')   

--------------------------------
【执行时间】：2021/7/17 21:07:52
【工作时间ms】：N/A
【Sql参数】：@Avatar:Img\UserAvatars\637621528728634743167485148799045.jpeg|@Id:167485148799045
【Sql语句】：UPDATE [User]  SET           [Avatar]=@Avatar  WHERE [Id]=@Id

--------------------------------
【执行时间】：2021/7/17 21:07:58
【工作时间ms】：N/A
【Sql参数】：@MethodConst0:|@MethodConst1:
【Sql语句】： SELECT COUNT(1) FROM (SELECT [PlaintextPwd],[ErrorCount],[Remark],[Enabled],[AdminSignalrConnectionId],[NickName],[LoginName],[LoginPWD],[Avatar],[CreateTime],[UpdateTime],[LastLoginTime],[Id] FROM [User]  WHERE (([LoginName] like '%'+@MethodConst0+'%') OR ([NickName] like '%'+@MethodConst1+'%') )) CountTable 

--------------------------------
【执行时间】：2021/7/17 21:07:58
【工作时间ms】：N/A
【Sql参数】：
【Sql语句】：SELECT [Name],[Description],[Enabled],[CreateTime],[Id] FROM [Role] 

--------------------------------
【执行时间】：2021/7/17 21:07:58
【工作时间ms】：N/A
【Sql参数】：@MethodConst0:|@MethodConst1:
【Sql语句】：SELECT * FROM (SELECT [PlaintextPwd],[ErrorCount],[Remark],[Enabled],[AdminSignalrConnectionId],[NickName],[LoginName],[LoginPWD],[Avatar],[CreateTime],[UpdateTime],[LastLoginTime],[Id],ROW_NUMBER() OVER(ORDER BY [CreateTime] DESC) AS RowIndex  FROM [User]  WHERE (([LoginName] like '%'+@MethodConst0+'%') OR ([NickName] like '%'+@MethodConst1+'%') )) T WHERE RowIndex BETWEEN 1 AND 20

--------------------------------
【执行时间】：2021/7/17 21:07:58
【工作时间ms】：N/A
【Sql参数】：@ConditionalUserId0:168549230907461,168548921942085,168205729476677,168203207692357,168185170694213,168184931029061,167485148799045
【Sql语句】：SELECT [UserId],[RoleId],[Id] FROM [UserRole]  WHERE   UserId IN ('168549230907461','168548921942085','168205729476677','168203207692357','168185170694213','168184931029061','167485148799045')   

--------------------------------
【执行时间】：2021/7/17 21:07:58
【工作时间ms】：N/A
【Sql参数】：@ConditionalId0:167501808996421,167501840007237,167748069806149,167843456700485,168111708581957,168112234131525,167843072184389
【Sql语句】：SELECT [Name],[Description],[Enabled],[CreateTime],[Id] FROM [Role]  WHERE   Id IN ('167501808996421','167501840007237','167748069806149','167843456700485','168111708581957','168112234131525','167843072184389')   

--------------------------------
【执行时间】：2021/7/17 21:08:43
【工作时间ms】：N/A
【Sql参数】：@LoginName0:uu|@Id1:181707213328453
【Sql语句】： SELECT COUNT(1) FROM (SELECT [PlaintextPwd],[ErrorCount],[Remark],[Enabled],[AdminSignalrConnectionId],[NickName],[LoginName],[LoginPWD],[Avatar],[CreateTime],[UpdateTime],[LastLoginTime],[Id] FROM [User]  WHERE ((( [LoginName] = @LoginName0 ) AND ( [Id] <> @Id1 )) AND  ( [Enabled]=1 ) )) CountTable 

--------------------------------
【执行时间】：2021/7/17 21:08:43
【工作时间ms】：N/A
【Sql参数】：@Id0:181707213328453
【Sql语句】： SELECT COUNT(1) FROM (SELECT [PlaintextPwd],[ErrorCount],[Remark],[Enabled],[AdminSignalrConnectionId],[NickName],[LoginName],[LoginPWD],[Avatar],[CreateTime],[UpdateTime],[LastLoginTime],[Id] FROM [User]  WHERE ( [Id] = @Id0 )) CountTable 

--------------------------------
【执行时间】：2021/7/17 21:08:43
【工作时间ms】：N/A
【Sql参数】：@Conditional_Id_1000:181707213328453
【Sql语句】：SELECT [PlaintextPwd],[ErrorCount],[Remark],[Enabled],[AdminSignalrConnectionId],[NickName],[LoginName],[LoginPWD],[Avatar],[CreateTime],[UpdateTime],[LastLoginTime],[Id] FROM [User]  WHERE  (   [Id] = @Conditional_Id_1000   )  

--------------------------------
【执行时间】：2021/7/17 21:08:43
【工作时间ms】：N/A
【Sql参数】：@PlaintextPwd:1|@ErrorCount:0|@Remark:1|@Enabled:True|@AdminSignalrConnectionId:|@NickName:uu|@LoginName:uu|@LoginPWD:C4CA4238A0B923820DCC509A6F75849B|@Avatar:|@CreateTime:2021/7/17 21:08:43|@UpdateTime:2021/7/17 21:08:43|@LastLoginTime:0001/1/1 0:00:00|@Id:181707213328453
【Sql语句】：INSERT INTO [User]             ([PlaintextPwd],[ErrorCount],[Remark],[Enabled],[AdminSignalrConnectionId],[NickName],[LoginName],[LoginPWD],[Avatar],[CreateTime],[UpdateTime],[LastLoginTime],[Id])     VALUES           (@PlaintextPwd,@ErrorCount,@Remark,@Enabled,@AdminSignalrConnectionId,@NickName,@LoginName,@LoginPWD,@Avatar,@CreateTime,@UpdateTime,@LastLoginTime,@Id) ;

--------------------------------
【执行时间】：2021/7/17 21:08:43
【工作时间ms】：N/A
【Sql参数】：@MethodConst0:|@MethodConst1:
【Sql语句】： SELECT COUNT(1) FROM (SELECT [PlaintextPwd],[ErrorCount],[Remark],[Enabled],[AdminSignalrConnectionId],[NickName],[LoginName],[LoginPWD],[Avatar],[CreateTime],[UpdateTime],[LastLoginTime],[Id] FROM [User]  WHERE (([LoginName] like '%'+@MethodConst0+'%') OR ([NickName] like '%'+@MethodConst1+'%') )) CountTable 

--------------------------------
【执行时间】：2021/7/17 21:08:43
【工作时间ms】：N/A
【Sql参数】：@MethodConst0:|@MethodConst1:
【Sql语句】：SELECT * FROM (SELECT [PlaintextPwd],[ErrorCount],[Remark],[Enabled],[AdminSignalrConnectionId],[NickName],[LoginName],[LoginPWD],[Avatar],[CreateTime],[UpdateTime],[LastLoginTime],[Id],ROW_NUMBER() OVER(ORDER BY [CreateTime] DESC) AS RowIndex  FROM [User]  WHERE (([LoginName] like '%'+@MethodConst0+'%') OR ([NickName] like '%'+@MethodConst1+'%') )) T WHERE RowIndex BETWEEN 1 AND 20

--------------------------------
【执行时间】：2021/7/17 21:08:43
【工作时间ms】：N/A
【Sql参数】：@ConditionalUserId0:181707213328453,168549230907461,168548921942085,168205729476677,168203207692357,168185170694213,168184931029061,167485148799045
【Sql语句】：SELECT [UserId],[RoleId],[Id] FROM [UserRole]  WHERE   UserId IN ('181707213328453','168549230907461','168548921942085','168205729476677','168203207692357','168185170694213','168184931029061','167485148799045')   

--------------------------------
【执行时间】：2021/7/17 21:08:43
【工作时间ms】：N/A
【Sql参数】：@ConditionalId0:167501808996421,167501840007237,167748069806149,167843456700485,168111708581957,168112234131525,167843072184389
【Sql语句】：SELECT [Name],[Description],[Enabled],[CreateTime],[Id] FROM [Role]  WHERE   Id IN ('167501808996421','167501840007237','167748069806149','167843456700485','168111708581957','168112234131525','167843072184389')   

--------------------------------
【执行时间】：2021/7/17 21:33:53
【工作时间ms】：N/A
【Sql参数】：
【Sql语句】：SELECT [Name],[JobGroup],[AssemblyName],[NameSpace],[ClassName],[JobParams],[IsStart],[BeginTime],[EndTime],[RunCounts],[Remark],[Log],[TriggerType],[Cron],[IntervalSecond],[Id] FROM [TimedTask]  WHERE ( [IsStart]=1 )

--------------------------------
【执行时间】：2021/7/17 21:44:03
【工作时间ms】：N/A
【Sql参数】：
【Sql语句】：SELECT [Name],[JobGroup],[AssemblyName],[NameSpace],[ClassName],[JobParams],[IsStart],[BeginTime],[EndTime],[RunCounts],[Remark],[Log],[TriggerType],[Cron],[IntervalSecond],[Id] FROM [TimedTask]  WHERE ( [IsStart]=1 )

--------------------------------
【执行时间】：2021/7/17 21:54:40
【工作时间ms】：N/A
【Sql参数】：
【Sql语句】：SELECT [Name],[JobGroup],[AssemblyName],[NameSpace],[ClassName],[JobParams],[IsStart],[BeginTime],[EndTime],[RunCounts],[Remark],[Log],[TriggerType],[Cron],[IntervalSecond],[Id] FROM [TimedTask]  WHERE ( [IsStart]=1 )

--------------------------------
【执行时间】：2021/7/17 21:57:35
【工作时间ms】：N/A
【Sql参数】：
【Sql语句】：SELECT [Name],[JobGroup],[AssemblyName],[NameSpace],[ClassName],[JobParams],[IsStart],[BeginTime],[EndTime],[RunCounts],[Remark],[Log],[TriggerType],[Cron],[IntervalSecond],[Id] FROM [TimedTask]  WHERE ( [IsStart]=1 )

--------------------------------
【执行时间】：2021/7/17 22:00:43
【工作时间ms】：N/A
【Sql参数】：
【Sql语句】：SELECT [Name],[JobGroup],[AssemblyName],[NameSpace],[ClassName],[JobParams],[IsStart],[BeginTime],[EndTime],[RunCounts],[Remark],[Log],[TriggerType],[Cron],[IntervalSecond],[Id] FROM [TimedTask]  WHERE ( [IsStart]=1 )

--------------------------------
【执行时间】：2021/7/17 22:07:34
【工作时间ms】：N/A
【Sql参数】：
【Sql语句】：SELECT [Name],[JobGroup],[AssemblyName],[NameSpace],[ClassName],[JobParams],[IsStart],[BeginTime],[EndTime],[RunCounts],[Remark],[Log],[TriggerType],[Cron],[IntervalSecond],[Id] FROM [TimedTask]  WHERE ( [IsStart]=1 )

--------------------------------
【执行时间】：2021/7/17 22:07:57
【工作时间ms】：N/A
【Sql参数】：@AdminSignalrConnectionId0:-ErYjK1uc_AJ6HYzLoFaSg|@Id1:167485148799045
【Sql语句】：UPDATE [User]  SET             [AdminSignalrConnectionId] = @AdminSignalrConnectionId0    WHERE ( [Id] = @Id1 )

--------------------------------
【执行时间】：2021/7/17 22:08:51
【工作时间ms】：N/A
【Sql参数】：@AdminSignalrConnectionId0:|@Id1:167485148799045
【Sql语句】：UPDATE [User]  SET             [AdminSignalrConnectionId] = @AdminSignalrConnectionId0    WHERE ( [Id] = @Id1 )

--------------------------------
【执行时间】：2021/7/17 22:26:29
【工作时间ms】：N/A
【Sql参数】：
【Sql语句】：SELECT [Name],[JobGroup],[AssemblyName],[NameSpace],[ClassName],[JobParams],[IsStart],[BeginTime],[EndTime],[RunCounts],[Remark],[Log],[TriggerType],[Cron],[IntervalSecond],[Id] FROM [TimedTask]  WHERE ( [IsStart]=1 )

--------------------------------
【执行时间】：2021/7/17 22:28:28
【工作时间ms】：N/A
【Sql参数】：@LoginName0:string|@constant1:B45CFFE084DD3D20D928BEE85E7B0F21
【Sql语句】：SELECT [PlaintextPwd],[ErrorCount],[Remark],[Enabled],[AdminSignalrConnectionId],[NickName],[LoginName],[LoginPWD],[Avatar],[CreateTime],[UpdateTime],[LastLoginTime],[Id] FROM [User]  WHERE (( ( [Enabled]=1 ) AND( [LoginName] = @LoginName0 )) AND ( [LoginPWD] =@constant1))

--------------------------------
【执行时间】：2021/7/17 22:28:28
【工作时间ms】：N/A
【Sql参数】：@LastLoginTime0:2021/7/17 22:28:28|@Id1:167485148799045
【Sql语句】：UPDATE [User]  SET             [LastLoginTime] = @LastLoginTime0    WHERE ( [Id] = @Id1 )

--------------------------------
【执行时间】：2021/7/17 22:28:28
【工作时间ms】：N/A
【Sql参数】：@AdminSignalrConnectionId0:Q3U_j5WZYu45mFC6JYqwcw|@Id1:167485148799045
【Sql语句】：UPDATE [User]  SET             [AdminSignalrConnectionId] = @AdminSignalrConnectionId0    WHERE ( [Id] = @Id1 )

--------------------------------
【执行时间】：2021/7/17 22:28:29
【工作时间ms】：N/A
【Sql参数】：@Id0:167485148799045
【Sql语句】：SELECT [PlaintextPwd],[ErrorCount],[Remark],[Enabled],[AdminSignalrConnectionId],[NickName],[LoginName],[LoginPWD],[Avatar],[CreateTime],[UpdateTime],[LastLoginTime],[Id] FROM [User]  WHERE ( [Id] = @Id0 )

--------------------------------
【执行时间】：2021/7/17 22:28:29
【工作时间ms】：N/A
【Sql参数】：@ConditionalUserId0:167485148799045
【Sql语句】：SELECT [UserId],[RoleId],[Id] FROM [UserRole]  WHERE   UserId IN ('167485148799045')   

--------------------------------
【执行时间】：2021/7/17 22:28:29
【工作时间ms】：N/A
【Sql参数】：@ConditionalId0:167501808996421
【Sql语句】：SELECT [Name],[Description],[Enabled],[CreateTime],[Id] FROM [Role]  WHERE   Id IN ('167501808996421')   

--------------------------------
【执行时间】：2021/7/17 22:28:29
【工作时间ms】：N/A
【Sql参数】：@UserId0:167485148799045
【Sql语句】：SELECT  DISTINCT f.* FROM [UserRole] ur Left JOIN [Role] r ON ( [ur].[RoleId] = [r].[Id] )  Left JOIN [RoleFeature] rf ON ( [ur].[RoleId] = [rf].[RoleId] )  Left JOIN [Feature] f ON ( [rf].[FeaturesId] = [f].[Id] )   WHERE ( [ur].[UserId] = @UserId0 )  AND ( [r].[Enabled]=1 )  AND (NOT( [f].[Name]='' OR [f].[Name] IS NULL ) AND ( [f].[Enabled]=1 ) )

--------------------------------
【执行时间】：2021/7/17 22:29:51
【工作时间ms】：N/A
【Sql参数】：@AdminSignalrConnectionId0:|@Id1:167485148799045
【Sql语句】：UPDATE [User]  SET             [AdminSignalrConnectionId] = @AdminSignalrConnectionId0    WHERE ( [Id] = @Id1 )

--------------------------------
【执行时间】：2021/7/17 22:29:51
【工作时间ms】：N/A
【Sql参数】：@AdminSignalrConnectionId0:PfjoV6sZz9nMu5Vsg8hoFA|@Id1:167485148799045
【Sql语句】：UPDATE [User]  SET             [AdminSignalrConnectionId] = @AdminSignalrConnectionId0    WHERE ( [Id] = @Id1 )

--------------------------------
【执行时间】：2021/7/17 22:30:21
【工作时间ms】：N/A
【Sql参数】：@AdminSignalrConnectionId0:|@Id1:167485148799045
【Sql语句】：UPDATE [User]  SET             [AdminSignalrConnectionId] = @AdminSignalrConnectionId0    WHERE ( [Id] = @Id1 )

--------------------------------
【执行时间】：2021/7/17 22:30:24
【工作时间ms】：N/A
【Sql参数】：@LoginName0:string|@constant1:B45CFFE084DD3D20D928BEE85E7B0F21
【Sql语句】：SELECT [PlaintextPwd],[ErrorCount],[Remark],[Enabled],[AdminSignalrConnectionId],[NickName],[LoginName],[LoginPWD],[Avatar],[CreateTime],[UpdateTime],[LastLoginTime],[Id] FROM [User]  WHERE (( ( [Enabled]=1 ) AND( [LoginName] = @LoginName0 )) AND ( [LoginPWD] =@constant1))

--------------------------------
【执行时间】：2021/7/17 22:30:24
【工作时间ms】：N/A
【Sql参数】：@LastLoginTime0:2021/7/17 22:30:24|@Id1:167485148799045
【Sql语句】：UPDATE [User]  SET             [LastLoginTime] = @LastLoginTime0    WHERE ( [Id] = @Id1 )

--------------------------------
【执行时间】：2021/7/17 22:30:24
【工作时间ms】：N/A
【Sql参数】：@Id0:167485148799045
【Sql语句】：SELECT [PlaintextPwd],[ErrorCount],[Remark],[Enabled],[AdminSignalrConnectionId],[NickName],[LoginName],[LoginPWD],[Avatar],[CreateTime],[UpdateTime],[LastLoginTime],[Id] FROM [User]  WHERE ( [Id] = @Id0 )

--------------------------------
【执行时间】：2021/7/17 22:30:24
【工作时间ms】：N/A
【Sql参数】：@AdminSignalrConnectionId0:L2HexLpoCydVFDp1pDaPmw|@Id1:167485148799045
【Sql语句】：UPDATE [User]  SET             [AdminSignalrConnectionId] = @AdminSignalrConnectionId0    WHERE ( [Id] = @Id1 )

--------------------------------
【执行时间】：2021/7/17 22:30:24
【工作时间ms】：N/A
【Sql参数】：@ConditionalUserId0:167485148799045
【Sql语句】：SELECT [UserId],[RoleId],[Id] FROM [UserRole]  WHERE   UserId IN ('167485148799045')   

--------------------------------
【执行时间】：2021/7/17 22:30:24
【工作时间ms】：N/A
【Sql参数】：@ConditionalId0:167501808996421
【Sql语句】：SELECT [Name],[Description],[Enabled],[CreateTime],[Id] FROM [Role]  WHERE   Id IN ('167501808996421')   

--------------------------------
【执行时间】：2021/7/17 22:30:44
【工作时间ms】：N/A
【Sql参数】：@AdminSignalrConnectionId0:|@Id1:167485148799045
【Sql语句】：UPDATE [User]  SET             [AdminSignalrConnectionId] = @AdminSignalrConnectionId0    WHERE ( [Id] = @Id1 )

--------------------------------
【执行时间】：2021/7/17 22:30:44
【工作时间ms】：N/A
【Sql参数】：@AdminSignalrConnectionId0:y3RFiYa8L6lPVATRadD7Qw|@Id1:167485148799045
【Sql语句】：UPDATE [User]  SET             [AdminSignalrConnectionId] = @AdminSignalrConnectionId0    WHERE ( [Id] = @Id1 )

--------------------------------
【执行时间】：2021/7/17 22:30:48
【工作时间ms】：N/A
【Sql参数】：@LoginName0:string|@constant1:B45CFFE084DD3D20D928BEE85E7B0F21
【Sql语句】：SELECT [PlaintextPwd],[ErrorCount],[Remark],[Enabled],[AdminSignalrConnectionId],[NickName],[LoginName],[LoginPWD],[Avatar],[CreateTime],[UpdateTime],[LastLoginTime],[Id] FROM [User]  WHERE (( ( [Enabled]=1 ) AND( [LoginName] = @LoginName0 )) AND ( [LoginPWD] =@constant1))

--------------------------------
【执行时间】：2021/7/17 22:30:48
【工作时间ms】：N/A
【Sql参数】：@LastLoginTime0:2021/7/17 22:30:48|@Id1:167485148799045
【Sql语句】：UPDATE [User]  SET             [LastLoginTime] = @LastLoginTime0    WHERE ( [Id] = @Id1 )

--------------------------------
【执行时间】：2021/7/17 22:30:48
【工作时间ms】：N/A
【Sql参数】：@Id0:167485148799045
【Sql语句】：SELECT [PlaintextPwd],[ErrorCount],[Remark],[Enabled],[AdminSignalrConnectionId],[NickName],[LoginName],[LoginPWD],[Avatar],[CreateTime],[UpdateTime],[LastLoginTime],[Id] FROM [User]  WHERE ( [Id] = @Id0 )

--------------------------------
【执行时间】：2021/7/17 22:30:49
【工作时间ms】：N/A
【Sql参数】：@AdminSignalrConnectionId0:nAi8HYuXFqzjLRIgM-selA|@Id1:167485148799045
【Sql语句】：UPDATE [User]  SET             [AdminSignalrConnectionId] = @AdminSignalrConnectionId0    WHERE ( [Id] = @Id1 )

--------------------------------
【执行时间】：2021/7/17 22:30:49
【工作时间ms】：N/A
【Sql参数】：@ConditionalUserId0:167485148799045
【Sql语句】：SELECT [UserId],[RoleId],[Id] FROM [UserRole]  WHERE   UserId IN ('167485148799045')   

--------------------------------
【执行时间】：2021/7/17 22:30:49
【工作时间ms】：N/A
【Sql参数】：@ConditionalId0:167501808996421
【Sql语句】：SELECT [Name],[Description],[Enabled],[CreateTime],[Id] FROM [Role]  WHERE   Id IN ('167501808996421')   

--------------------------------
【执行时间】：2021/7/17 22:31:29
【工作时间ms】：N/A
【Sql参数】：@AdminSignalrConnectionId0:|@Id1:167485148799045
【Sql语句】：UPDATE [User]  SET             [AdminSignalrConnectionId] = @AdminSignalrConnectionId0    WHERE ( [Id] = @Id1 )

--------------------------------
【执行时间】：2021/7/17 22:31:29
【工作时间ms】：N/A
【Sql参数】：@AdminSignalrConnectionId0:|@Id1:167485148799045
【Sql语句】：UPDATE [User]  SET             [AdminSignalrConnectionId] = @AdminSignalrConnectionId0    WHERE ( [Id] = @Id1 )

--------------------------------
【执行时间】：2021/7/17 22:31:30
【工作时间ms】：N/A
【Sql参数】：@AdminSignalrConnectionId0:0LBnSJ0JSUcHB4bKH4aLDg|@Id1:167485148799045
【Sql语句】：UPDATE [User]  SET             [AdminSignalrConnectionId] = @AdminSignalrConnectionId0    WHERE ( [Id] = @Id1 )

--------------------------------
【执行时间】：2021/7/17 22:31:32
【工作时间ms】：N/A
【Sql参数】：@AdminSignalrConnectionId0:|@Id1:167485148799045
【Sql语句】：UPDATE [User]  SET             [AdminSignalrConnectionId] = @AdminSignalrConnectionId0    WHERE ( [Id] = @Id1 )

--------------------------------
【执行时间】：2021/7/17 22:31:40
【工作时间ms】：N/A
【Sql参数】：@LoginName0:string|@constant1:B45CFFE084DD3D20D928BEE85E7B0F21
【Sql语句】：SELECT [PlaintextPwd],[ErrorCount],[Remark],[Enabled],[AdminSignalrConnectionId],[NickName],[LoginName],[LoginPWD],[Avatar],[CreateTime],[UpdateTime],[LastLoginTime],[Id] FROM [User]  WHERE (( ( [Enabled]=1 ) AND( [LoginName] = @LoginName0 )) AND ( [LoginPWD] =@constant1))

--------------------------------
【执行时间】：2021/7/17 22:31:40
【工作时间ms】：N/A
【Sql参数】：@LastLoginTime0:2021/7/17 22:31:40|@Id1:167485148799045
【Sql语句】：UPDATE [User]  SET             [LastLoginTime] = @LastLoginTime0    WHERE ( [Id] = @Id1 )

--------------------------------
【执行时间】：2021/7/17 22:31:40
【工作时间ms】：N/A
【Sql参数】：@Id0:167485148799045
【Sql语句】：SELECT [PlaintextPwd],[ErrorCount],[Remark],[Enabled],[AdminSignalrConnectionId],[NickName],[LoginName],[LoginPWD],[Avatar],[CreateTime],[UpdateTime],[LastLoginTime],[Id] FROM [User]  WHERE ( [Id] = @Id0 )

--------------------------------
【执行时间】：2021/7/17 22:31:40
【工作时间ms】：N/A
【Sql参数】：@AdminSignalrConnectionId0:6SO3SVSELEGaIz-rNAsLUA|@Id1:167485148799045
【Sql语句】：UPDATE [User]  SET             [AdminSignalrConnectionId] = @AdminSignalrConnectionId0    WHERE ( [Id] = @Id1 )

--------------------------------
【执行时间】：2021/7/17 22:31:40
【工作时间ms】：N/A
【Sql参数】：@ConditionalUserId0:167485148799045
【Sql语句】：SELECT [UserId],[RoleId],[Id] FROM [UserRole]  WHERE   UserId IN ('167485148799045')   

--------------------------------
【执行时间】：2021/7/17 22:31:40
【工作时间ms】：N/A
【Sql参数】：@ConditionalId0:167501808996421
【Sql语句】：SELECT [Name],[Description],[Enabled],[CreateTime],[Id] FROM [Role]  WHERE   Id IN ('167501808996421')   

--------------------------------
【执行时间】：2021/7/17 22:32:12
【工作时间ms】：N/A
【Sql参数】：@AdminSignalrConnectionId0:|@Id1:167485148799045
【Sql语句】：UPDATE [User]  SET             [AdminSignalrConnectionId] = @AdminSignalrConnectionId0    WHERE ( [Id] = @Id1 )

--------------------------------
【执行时间】：2021/7/17 22:32:13
【工作时间ms】：N/A
【Sql参数】：@AdminSignalrConnectionId0:S97bwmCDnT7EbKY1Lv3Fww|@Id1:167485148799045
【Sql语句】：UPDATE [User]  SET             [AdminSignalrConnectionId] = @AdminSignalrConnectionId0    WHERE ( [Id] = @Id1 )

--------------------------------
【执行时间】：2021/7/17 22:32:16
【工作时间ms】：N/A
【Sql参数】：@AdminSignalrConnectionId0:|@Id1:167485148799045
【Sql语句】：UPDATE [User]  SET             [AdminSignalrConnectionId] = @AdminSignalrConnectionId0    WHERE ( [Id] = @Id1 )

