--------------------------------
【用户名称】：
【用户Id】：
【用户Ip】：::ffff:192.168.1.110
【用户端信息】：Mozilla/5.0 (Windows NT 10.0; Win64; x64) AppleWebKit/537.36 (KHTML, like Gecko) Chrome/91.0.4472.164 Safari/537.36
【请求时间】：2021-07-18 02:26:24.977
【请求星期】：周日
【请求方法】：POST
【请求路径】：/api/login
【请求查询字段】：
【请求Body】：{"name":"string","password":"string"}
【响应时间】：2021-07-18 02:26:25.796
【工作时间ms】：806
【响应数据】：{"Code":200,"Success":true,"Message":"成功","Data":{"Token":"eyJhbGciOiJIUzI1NiIsInR5cCI6IkpXVCJ9.eyJodHRwOi8vc2NoZW1hcy54bWxzb2FwLm9yZy93cy8yMDA1LzA1L2lkZW50aXR5L2NsYWltcy9uYW1lIjoi5ZuNIiwiaHR0cDovL3NjaGVtYXMueG1sc29hcC5vcmcvd3MvMjAwNS8wNS9pZGVudGl0eS9jbGFpbXMvbmFtZWlkZW50aWZpZXIiOiLlm40iLCJuYW1lIjoic3RyaW5nIiwianRpIjoiMTY3NDg1MTQ4Nzk5MDQ1IiwiaHR0cDovL3NjaGVtYXMubWljcm9zb2Z0LmNvbS93cy8yMDA4LzA2L2lkZW50aXR5L2NsYWltcy9leHBpcmF0aW9uIjoiMjAyMS83LzE4IDM6MjY6MjUiLCJuYmYiOjE2MjY1NDYzODUsImV4cCI6MTYyNjU0OTk4NSwiaXNzIjoiRmFzdENvcmUiLCJhdWQiOiJ3ciJ9.0ncg3_ZXM92e6u_4f864h9JYZZy6pYIMcZEIfLBk29k","Expires_in":3600.0,"Token_type":"Bearer"}}

--------------------------------
【用户名称】：囍
【用户Id】：167485148799045
【用户Ip】：::ffff:192.168.1.110
【用户端信息】：Mozilla/5.0 (Windows NT 10.0; Win64; x64) AppleWebKit/537.36 (KHTML, like Gecko) Chrome/91.0.4472.164 Safari/537.36
【请求时间】：2021-07-18 02:26:26.188
【请求星期】：周日
【请求方法】：POST
【请求路径】：/api/User/UserInfo
【请求查询字段】：
【请求Body】：
【响应时间】：2021-07-18 02:26:26.653
【工作时间ms】：464
【响应数据】：{"Code":200,"Success":true,"Message":"成功","Data":{"LoginName":"string","NickName":"囍","Avatar":"Img\\UserAvatars\\637621528728634743167485148799045.jpeg","Remark":"string","RoleNames":["Admin"]}}

--------------------------------
【用户名称】：囍
【用户Id】：167485148799045
【用户Ip】：::ffff:192.168.1.110
【用户端信息】：Mozilla/5.0 (Windows NT 10.0; Win64; x64) AppleWebKit/537.36 (KHTML, like Gecko) Chrome/91.0.4472.164 Safari/537.36
【请求时间】：2021-07-18 02:26:26.664
【请求星期】：周日
【请求方法】：GET
【请求路径】：/api/Feature/Permissions
【请求查询字段】：
【请求Body】：
【响应时间】：2021-07-18 02:26:27.197
【工作时间ms】：531
【响应数据】：{"Code":200,"Success":true,"Message":"成功","Data":[{"ChildFeaturesList":[{"ChildFeaturesList":[{"ChildFeaturesList":[],"Name":"系统信息","PageName":null,"Description":null,"FatherId":177394914639941,"IsElement":true,"Icon":null,"Route":null,"Redirect":null,"ViewPath":null,"Sort":0,"ShowVisited":false,"AffixView":false,"CacheView":false,"Enabled":true,"Id":177835511853125},{"ChildFeaturesList":[],"Name":"应用信息","PageName":null,"Description":null,"FatherId":177394914639941,"IsElement":true,"Icon":null,"Route":null,"Redirect":null,"ViewPath":null,"Sort":0,"ShowVisited":false,"AffixView":false,"CacheView":false,"Enabled":true,"Id":177835645956165},{"ChildFeaturesList":[],"Name":"应用信息刷新","PageName":null,"Description":null,"FatherId":177394914639941,"IsElement":true,"Icon":null,"Route":null,"Redirect":null,"ViewPath":null,"Sort":0,"ShowVisited":false,"AffixView":false,"CacheView":false,"Enabled":true,"Id":177835720732741}],"Name":"首页","PageName":"Index","Description":null,"FatherId":177394228846661,"IsElement":false,"Icon":"el-icon-sunset","Route":"/","Redirect":"","ViewPath":"views/Index/Index.vue","Sort":0,"ShowVisited":true,"AffixView":true,"CacheView":true,"Enabled":true,"Id":177394914639941}],"Name":"欢迎","PageName":"欢迎","Description":null,"FatherId":0,"IsElement":false,"Icon":null,"Route":"/","Redirect":null,"ViewPath":null,"Sort":10,"ShowVisited":false,"AffixView":false,"CacheView":false,"Enabled":true,"Id":177394228846661},{"ChildFeaturesList":[{"ChildFeaturesList":[],"Name":"实时日志","PageName":"RealTimeLog","Description":null,"FatherId":178381702578245,"IsElement":false,"Icon":"el-icon-s-order","Route":"/RealTimeLog","Redirect":null,"ViewPath":"views/RealTimeLog/RealTimeLog.vue","Sort":0,"ShowVisited":true,"AffixView":true,"CacheView":true,"Enabled":true,"Id":178382433607749}],"Name":"日志","PageName":"","Description":null,"FatherId":0,"IsElement":false,"Icon":"","Route":"/RealTimeLog","Redirect":null,"ViewPath":"","Sort":10,"ShowVisited":false,"AffixView":false,"CacheView":false,"Enabled":true,"Id":178381702578245},{"ChildFeaturesList":[{"ChildFeaturesList":[{"ChildFeaturesList":[],"Name":"输入框","PageName":"输入框","Description":null,"FatherId":170562855641157,"IsElement":true,"Icon":null,"Route":null,"Redirect":null,"ViewPath":null,"Sort":0,"ShowVisited":false,"AffixView":false,"CacheView":false,"Enabled":true,"Id":170585304604741},{"ChildFeaturesList":[],"Name":"查询","PageName":"查询","Description":null,"FatherId":170562855641157,"IsElement":true,"Icon":null,"Route":null,"Redirect":null,"ViewPath":null,"Sort":0,"ShowVisited":false,"AffixView":false,"CacheView":false,"Enabled":true,"Id":170601805099077},{"ChildFeaturesList":[],"Name":"添加","PageName":"添加","Description":null,"FatherId":170562855641157,"IsElement":true,"Icon":null,"Route":null,"Redirect":null,"ViewPath":null,"Sort":0,"ShowVisited":false,"AffixView":false,"CacheView":false,"Enabled":true,"Id":170601869049925},{"ChildFeaturesList":[],"Name":"编辑","PageName":"编辑","Description":null,"FatherId":170562855641157,"IsElement":true,"Icon":null,"Route":null,"Redirect":null,"ViewPath":null,"Sort":0,"ShowVisited":false,"AffixView":false,"CacheView":false,"Enabled":true,"Id":170601928052805},{"ChildFeaturesList":[],"Name":"删除","PageName":"删除","Description":null,"FatherId":170562855641157,"IsElement":true,"Icon":null,"Route":null,"Redirect":null,"ViewPath":null,"Sort":0,"ShowVisited":false,"AffixView":false,"CacheView":false,"Enabled":true,"Id":170601973534789}],"Name":"用户管理","PageName":"UserManage","Description":null,"FatherId":170322851647557,"IsElement":false,"Icon":"el-icon-user-solid","Route":"User","Redirect":"","ViewPath":"views/UserManage/UserManage.vue","Sort":0,"ShowVisited":true,"AffixView":false,"CacheView":true,"Enabled":true,"Id":170562855641157},{"ChildFeaturesList":[{"ChildFeaturesList":[],"Name":"输入框","PageName":"输入框","Description":null,"FatherId":170563117412421,"IsElement":true,"Icon":null,"Route":null,"Redirect":null,"ViewPath":null,"Sort":0,"ShowVisited":false,"AffixView":false,"CacheView":false,"Enabled":true,"Id":170632263036997},{"ChildFeaturesList":[],"Name":"查询","PageName":"查询","Description":null,"FatherId":170563117412421,"IsElement":true,"Icon":null,"Route":null,"Redirect":null,"ViewPath":null,"Sort":0,"ShowVisited":false,"AffixView":false,"CacheView":false,"Enabled":true,"Id":170632416579653},{"ChildFeaturesList":[],"Name":"添加","PageName":"添加","Description":null,"FatherId":170563117412421,"IsElement":true,"Icon":null,"Route":null,"Redirect":null,"ViewPath":null,"Sort":0,"ShowVisited":false,"AffixView":false,"CacheView":false,"Enabled":true,"Id":170632461508677},{"ChildFeaturesList":[],"Name":"编辑","PageName":"编辑","Description":null,"FatherId":170563117412421,"IsElement":true,"Icon":null,"Route":null,"Redirect":null,"ViewPath":null,"Sort":0,"ShowVisited":false,"AffixView":false,"CacheView":false,"Enabled":true,"Id":170632526458949},{"ChildFeaturesList":[],"Name":"编辑功能","PageName":"编辑功能","Description":null,"FatherId":170563117412421,"IsElement":true,"Icon":null,"Route":null,"Redirect":null,"ViewPath":null,"Sort":0,"ShowVisited":false,"AffixView":false,"CacheView":false,"Enabled":true,"Id":170636604837957},{"ChildFeaturesList":[],"Name":"编辑接口权限","PageName":"编辑接口权限","Description":null,"FatherId":170563117412421,"IsElement":true,"Icon":null,"Route":null,"Redirect":null,"ViewPath":null,"Sort":0,"ShowVisited":false,"AffixView":false,"CacheView":false,"Enabled":true,"Id":170636658319429},{"ChildFeaturesList":[],"Name":"删除","PageName":"删除","Description":null,"FatherId":170563117412421,"IsElement":true,"Icon":null,"Route":null,"Redirect":null,"ViewPath":null,"Sort":0,"ShowVisited":false,"AffixView":false,"CacheView":false,"Enabled":true,"Id":170636724219973}],"Name":"角色管理","PageName":"RoleManage","Description":null,"FatherId":170322851647557,"IsElement":false,"Icon":"el-icon-user","Route":"Role","Redirect":null,"ViewPath":"views/RoleManage/RoleManage.vue","Sort":0,"ShowVisited":true,"AffixView":false,"CacheView":true,"Enabled":true,"Id":170563117412421}],"Name":"用户角色管理","PageName":"用户角色管理","Description":null,"FatherId":0,"IsElement":false,"Icon":"el-icon-s-custom","Route":"/UserRoleManage","Redirect":"/UserRoleManage/User","ViewPath":null,"Sort":9,"ShowVisited":false,"AffixView":false,"CacheView":false,"Enabled":true,"Id":170322851647557},{"ChildFeaturesList":[{"ChildFeaturesList":[{"ChildFeaturesList":[],"Name":"刷新","PageName":"刷新","Description":null,"FatherId":170567751098437,"IsElement":true,"Icon":null,"Route":null,"Redirect":null,"ViewPath":null,"Sort":0,"ShowVisited":false,"AffixView":false,"CacheView":false,"Enabled":true,"Id":170641039663173},{"ChildFeaturesList":[],"Name":"添加","PageName":"添加","Description":null,"FatherId":170567751098437,"IsElement":true,"Icon":null,"Route":null,"Redirect":null,"ViewPath":null,"Sort":0,"ShowVisited":false,"AffixView":false,"CacheView":false,"Enabled":true,"Id":170641091735621},{"ChildFeaturesList":[],"Name":"编辑","PageName":"编辑","Description":null,"FatherId":170567751098437,"IsElement":true,"Icon":null,"Route":null,"Redirect":null,"ViewPath":null,"Sort":0,"ShowVisited":false,"AffixView":false,"CacheView":false,"Enabled":true,"Id":170641135292485},{"ChildFeaturesList":[],"Name":"删除","PageName":"删除","Description":null,"FatherId":170567751098437,"IsElement":true,"Icon":null,"Route":null,"Redirect":null,"ViewPath":null,"Sort":0,"ShowVisited":false,"AffixView":false,"CacheView":false,"Enabled":true,"Id":170641176203333}],"Name":"功能管理","PageName":"FeatureManage","Description":null,"FatherId":170567266549829,"IsElement":false,"Icon":"el-icon-film","Route":"Features","Redirect":null,"ViewPath":"views/FeatureManage/FeatureManage.vue","Sort":0,"ShowVisited":true,"AffixView":false,"CacheView":true,"Enabled":true,"Id":170567751098437},{"ChildFeaturesList":[{"ChildFeaturesList":[],"Name":"输入框","PageName":"输入框","Description":null,"FatherId":170568105865285,"IsElement":true,"Icon":null,"Route":null,"Redirect":null,"ViewPath":null,"Sort":0,"ShowVisited":false,"AffixView":false,"CacheView":false,"Enabled":true,"Id":170641244524613},{"ChildFeaturesList":[],"Name":"查询","PageName":"查询","Description":null,"FatherId":170568105865285,"IsElement":true,"Icon":null,"Route":null,"Redirect":null,"ViewPath":null,"Sort":0,"ShowVisited":false,"AffixView":false,"CacheView":false,"Enabled":true,"Id":170641310711877},{"ChildFeaturesList":[],"Name":"添加","PageName":"添加","Description":null,"FatherId":170568105865285,"IsElement":true,"Icon":null,"Route":null,"Redirect":null,"ViewPath":null,"Sort":0,"ShowVisited":false,"AffixView":false,"CacheView":false,"Enabled":true,"Id":170641367167045},{"ChildFeaturesList":[],"Name":"编辑","PageName":"编辑","Description":null,"FatherId":170568105865285,"IsElement":true,"Icon":null,"Route":null,"Redirect":null,"ViewPath":null,"Sort":0,"ShowVisited":false,"AffixView":false,"CacheView":false,"Enabled":true,"Id":170641409646661},{"ChildFeaturesList":[],"Name":"删除","PageName":"删除","Description":null,"FatherId":170568105865285,"IsElement":true,"Icon":null,"Route":null,"Redirect":null,"ViewPath":null,"Sort":0,"ShowVisited":false,"AffixView":false,"CacheView":false,"Enabled":true,"Id":170641443061829}],"Name":"接口管理","PageName":"InterfaceManage","Description":null,"FatherId":170567266549829,"IsElement":false,"Icon":"el-icon-notebook-2","Route":"Interface","Redirect":null,"ViewPath":"views/InterfaceManage/InterfaceManage.vue","Sort":0,"ShowVisited":true,"AffixView":false,"CacheView":true,"Enabled":true,"Id":170568105865285}],"Name":"接口/功能管理","PageName":"接口/功能管理","Description":null,"FatherId":0,"IsElement":false,"Icon":"el-icon-s-management","Route":"/PermissionManage","Redirect":"/PermissionManage/Features","ViewPath":null,"Sort":8,"ShowVisited":false,"AffixView":false,"CacheView":false,"Enabled":true,"Id":170567266549829},{"ChildFeaturesList":[{"ChildFeaturesList":[],"Name":"编辑信息","PageName":"UserEdit","Description":null,"FatherId":176335751815237,"IsElement":false,"Icon":"el-icon-user-solid","Route":"UserEdit","Redirect":null,"ViewPath":"views/User/UserEdit.vue","Sort":0,"ShowVisited":true,"AffixView":false,"CacheView":true,"Enabled":true,"Id":176336053174341},{"ChildFeaturesList":[],"Name":"修改密码","PageName":"UserPass","Description":null,"FatherId":176335751815237,"IsElement":false,"Icon":"el-icon-lock","Route":"Pass","Redirect":null,"ViewPath":"views/User/UserPass.vue","Sort":0,"ShowVisited":true,"AffixView":false,"CacheView":true,"Enabled":true,"Id":176336293769285}],"Name":"用户信息","PageName":"用户信息","Description":null,"FatherId":0,"IsElement":false,"Icon":"el-icon-user-solid","Route":"/User","Redirect":"/User/UserEdit","ViewPath":null,"Sort":7,"ShowVisited":false,"AffixView":false,"CacheView":false,"Enabled":true,"Id":176335751815237},{"ChildFeaturesList":[{"ChildFeaturesList":[{"ChildFeaturesList":[],"Name":"输入框","PageName":"输入框","Description":null,"FatherId":175962488012869,"IsElement":true,"Icon":null,"Route":null,"Redirect":null,"ViewPath":null,"Sort":0,"ShowVisited":false,"AffixView":false,"CacheView":false,"Enabled":true,"Id":176244301541445},{"ChildFeaturesList":[],"Name":"查询","PageName":"查询","Description":null,"FatherId":175962488012869,"IsElement":true,"Icon":null,"Route":null,"Redirect":null,"ViewPath":null,"Sort":0,"ShowVisited":false,"AffixView":false,"CacheView":false,"Enabled":true,"Id":176244534300741},{"ChildFeaturesList":[],"Name":"添加","PageName":"添加","Description":null,"FatherId":175962488012869,"IsElement":true,"Icon":null,"Route":null,"Redirect":null,"ViewPath":null,"Sort":0,"ShowVisited":false,"AffixView":false,"CacheView":false,"Enabled":true,"Id":176244595617861},{"ChildFeaturesList":[],"Name":"编辑","PageName":"编辑","Description":null,"FatherId":175962488012869,"IsElement":true,"Icon":null,"Route":null,"Redirect":null,"ViewPath":null,"Sort":0,"ShowVisited":false,"AffixView":false,"CacheView":false,"Enabled":true,"Id":176244652335173},{"ChildFeaturesList":[],"Name":"删除","PageName":"删除","Description":null,"FatherId":175962488012869,"IsElement":true,"Icon":null,"Route":null,"Redirect":null,"ViewPath":null,"Sort":0,"ShowVisited":false,"AffixView":false,"CacheView":false,"Enabled":true,"Id":176244705194053},{"ChildFeaturesList":[],"Name":"开始任务调度","PageName":"开始任务调度","Description":null,"FatherId":175962488012869,"IsElement":true,"Icon":null,"Route":null,"Redirect":null,"ViewPath":null,"Sort":0,"ShowVisited":false,"AffixView":false,"CacheView":false,"Enabled":true,"Id":176244768170053},{"ChildFeaturesList":[],"Name":"结束任务调度","PageName":"结束任务调度","Description":null,"FatherId":175962488012869,"IsElement":true,"Icon":null,"Route":null,"Redirect":null,"ViewPath":null,"Sort":0,"ShowVisited":false,"AffixView":false,"CacheView":false,"Enabled":true,"Id":176244813303877},{"ChildFeaturesList":[],"Name":"启动任务","PageName":"启动任务","Description":null,"FatherId":175962488012869,"IsElement":true,"Icon":null,"Route":null,"Redirect":null,"ViewPath":null,"Sort":0,"ShowVisited":false,"AffixView":false,"CacheView":false,"Enabled":true,"Id":176244856090693},{"ChildFeaturesList":[],"Name":"停止任务","PageName":"停止任务","Description":null,"FatherId":175962488012869,"IsElement":true,"Icon":null,"Route":null,"Redirect":null,"ViewPath":null,"Sort":0,"ShowVisited":false,"AffixView":false,"CacheView":false,"Enabled":true,"Id":176244902895685},{"ChildFeaturesList":[],"Name":"重新安排任务","PageName":"重新安排任务","Description":null,"FatherId":175962488012869,"IsElement":true,"Icon":null,"Route":null,"Redirect":null,"ViewPath":null,"Sort":0,"ShowVisited":false,"AffixView":false,"CacheView":false,"Enabled":true,"Id":176244941983813}],"Name":"定时任务管理","PageName":"TaskManage","Description":null,"FatherId":175962042814533,"IsElement":false,"Icon":"el-icon-s-order","Route":"/TaskManage","Redirect":null,"ViewPath":"views/TaskManage/TaskManage.vue","Sort":0,"ShowVisited":true,"AffixView":false,"CacheView":true,"Enabled":true,"Id":175962488012869}],"Name":"任务管理","PageName":"任务管理","Description":null,"FatherId":0,"IsElement":false,"Icon":null,"Route":"/TaskManage","Redirect":null,"ViewPath":null,"Sort":6,"ShowVisited":false,"AffixView":false,"CacheView":false,"Enabled":true,"Id":175962042814533},{"ChildFeaturesList":[{"ChildFeaturesList":[],"Name":"Feature2","PageName":"Feature2","Description":"功能2","FatherId":167501107089477,"IsElement":false,"Icon":"el-icon-more","Route":"/dt1","Redirect":null,"ViewPath":"views/Home.vue","Sort":0,"ShowVisited":true,"AffixView":false,"CacheView":true,"Enabled":true,"Id":167501159268421},{"ChildFeaturesList":[],"Name":"Feature3","PageName":"Feature3","Description":"功能3","FatherId":167501107089477,"IsElement":false,"Icon":"el-icon-star-off","Route":"/t/dt2","Redirect":null,"ViewPath":"views/T1.vue","Sort":0,"ShowVisited":true,"AffixView":false,"CacheView":true,"Enabled":true,"Id":167501233823813}],"Name":"Feature1","PageName":"Feature1","Description":"功能1-","FatherId":0,"IsElement":false,"Icon":"el-icon-video-camera-solid","Route":"/feature1","Redirect":"/dt1","ViewPath":null,"Sort":0,"ShowVisited":false,"AffixView":false,"CacheView":false,"Enabled":true,"Id":167501107089477},{"ChildFeaturesList":[{"ChildFeaturesList":[{"ChildFeaturesList":[],"Name":"t2","PageName":"t2","Description":null,"FatherId":170242269503557,"IsElement":false,"Icon":null,"Route":"t2","Redirect":null,"ViewPath":"views/T2.vue","Sort":1,"ShowVisited":false,"AffixView":false,"CacheView":true,"Enabled":true,"Id":170643778740293},{"ChildFeaturesList":[],"Name":"t1","PageName":"t1","Description":null,"FatherId":170242269503557,"IsElement":false,"Icon":null,"Route":"t1","Redirect":null,"ViewPath":"views/T2.vue","Sort":0,"ShowVisited":false,"AffixView":false,"CacheView":true,"Enabled":true,"Id":170643742761029}],"Name":"S1","PageName":"S1","Description":null,"FatherId":170242023129157,"IsElement":false,"Icon":"el-icon-s-ticket","Route":"s1","Redirect":null,"ViewPath":"views/T2.vue","Sort":0,"ShowVisited":false,"AffixView":false,"CacheView":false,"Enabled":true,"Id":170242269503557},{"ChildFeaturesList":[],"Name":"s2","PageName":"s2","Description":null,"FatherId":170242023129157,"IsElement":false,"Icon":"el-icon-picture-outline-round","Route":"s2","Redirect":null,"ViewPath":"views/Home.vue","Sort":0,"ShowVisited":true,"AffixView":false,"CacheView":true,"Enabled":true,"Id":170308855545925}],"Name":"Test1","PageName":"Test1","Description":null,"FatherId":0,"IsElement":false,"Icon":"el-icon-s-home","Route":"/T1","Redirect":null,"ViewPath":null,"Sort":0,"ShowVisited":false,"AffixView":false,"CacheView":false,"Enabled":true,"Id":170242023129157}]}

--------------------------------
【用户名称】：囍
【用户Id】：167485148799045
【用户Ip】：::ffff:192.168.1.110
【用户端信息】：Mozilla/5.0 (Windows NT 10.0; Win64; x64) AppleWebKit/537.36 (KHTML, like Gecko) Chrome/91.0.4472.164 Safari/537.36
【请求时间】：2021-07-18 02:26:27.671
【请求星期】：周日
【请求方法】：GET
【请求路径】：/api/Service/SystemInfo
【请求查询字段】：
【请求Body】：
【响应时间】：2021-07-18 02:26:27.736
【工作时间ms】：64
【响应数据】：{"Code":200,"Success":true,"Message":"成功","Data":{"OSVersion":"Microsoft Windows NT 10.0.19042.0","Is64BitOperatingSystem":true,"MachineName":"DESKTOP-F5NHQR3","UserDomainName":"DESKTOP-F5NHQR3","LogicalDrives":["C:\\","D:\\","F:\\","S:\\"],"SystemDirectory":"C:\\Windows\\system32","RunTimes":63238,"UserInteractive":true,"UserName":"Lin","Version":"5.0.7","EnvironmentVariables":{"VSAPPIDDIR":"C:\\Program Files (x86)\\Microsoft Visual Studio\\2019\\Enterprise\\Common7\\IDE\\","VisualStudioDir":"C:\\Users\\Lin\\Documents\\Visual Studio 2019","VSLOGGER_UNIQUEID":"5b6ed1cbb3b448bbb6e9a1465c5ddbfe","ENABLE_XAML_DIAGNOSTICS_SOURCE_INFO":"1","VisualStudioVersion":"16.0","CommonProgramFiles(x86)":"C:\\Program Files (x86)\\Common Files","ProgramFiles(x86)":"C:\\Program Files (x86)","COMPUTERNAME":"DESKTOP-F5NHQR3","PROCESSOR_IDENTIFIER":"Intel64 Family 6 Model 158 Stepping 10, GenuineIntel","VSAPPIDNAME":"devenv.exe","FPS_BROWSER_USER_PROFILE_STRING":"Default","ProgramData":"C:\\ProgramData","OS":"Windows_NT","COMPLUS_NoGuiFromShim":"1","NUMBER_OF_PROCESSORS":"8","windir":"C:\\Windows","ForceIdentityAuthenticationType":"Embedded","MSBuildLoadMicrosoftTargetsReadOnly":"true","SignInWithHomeTenantOnly":"False","CommonProgramFiles":"C:\\Program Files\\Common Files","PkgDefApplicationConfigFile":"C:\\Users\\Lin\\AppData\\Local\\Microsoft\\VisualStudio\\16.0_ccd44cf1\\devenv.exe.config","USERPROFILE":"C:\\Users\\Lin","LOCALAPPDATA":"C:\\Users\\Lin\\AppData\\Local","PROCESSOR_REVISION":"9e0a","ASPNETCORE_HTTPS_PORT":"5001","ASPNETCORE_ENVIRONMENT":"Development","ServiceHubLogSessionKey":"3E282515","USERNAME":"Lin","LOGONSERVER":"\\\\DESKTOP-F5NHQR3","PROCESSOR_LEVEL":"6","PATHEXT":".COM;.EXE;.BAT;.CMD;.VBS;.VBE;.JS;.JSE;.WSF;.WSH;.MSC","DriverData":"C:\\Windows\\System32\\Drivers\\DriverData","TEMP":"C:\\Users\\Lin\\AppData\\Local\\Temp","OneDrive":"C:\\Users\\Lin\\OneDrive","SystemDrive":"C:","ALLUSERSPROFILE":"C:\\ProgramData","VSSKUEDITION":"Enterprise","CommonProgramW6432":"C:\\Program Files\\Common Files","ASPNETCORE_URLS":"https://localhost:5001/;http://localhost:5000/","HOMEPATH":"\\Users\\Lin","VSLANG":"2052","HOMEDRIVE":"C:","TMP":"C:\\Users\\Lin\\AppData\\Local\\Temp","PSModulePath":"%ProgramFiles%\\WindowsPowerShell\\Modules;C:\\Windows\\system32\\WindowsPowerShell\\v1.0\\Modules;C:\\Program Files (x86)\\Microsoft SQL Server\\150\\Tools\\PowerShell\\Modules\\","ComSpec":"C:\\Windows\\system32\\cmd.exe","VisualStudioEdition":"Microsoft Visual Studio Enterprise 2019","COMPLUS_ForceENC":"1","ProgramW6432":"C:\\Program Files","ProgramFiles":"C:\\Program Files","APPDATA":"C:\\Users\\Lin\\AppData\\Roaming","USERDOMAIN":"DESKTOP-F5NHQR3","ThreadedWaitDialogDpiContext":"-4","PROCESSOR_ARCHITECTURE":"AMD64","USERDOMAIN_ROAMINGPROFILE":"DESKTOP-F5NHQR3","FPS_BROWSER_APP_PROFILE_STRING":"Internet Explorer","SystemRoot":"C:\\Windows","Path":"C:\\Windows\\system32;C:\\Windows;C:\\Windows\\System32\\Wbem;C:\\Windows\\System32\\WindowsPowerShell\\v1.0\\;C:\\Windows\\System32\\OpenSSH\\;S:\\TortoiseSVN\\bin;C:\\Program Files\\dotnet\\;C:\\Program Files\\Microsoft SQL Server\\130\\Tools\\Binn\\;C:\\Program Files\\Microsoft SQL Server\\Client SDK\\ODBC\\170\\Tools\\Binn\\;C:\\Program Files (x86)\\Microsoft SQL Server\\150\\Tools\\Binn\\;C:\\Program Files\\Microsoft SQL Server\\150\\Tools\\Binn\\;C:\\Program Files\\Microsoft SQL Server\\150\\DTS\\Binn\\;C:\\Program Files (x86)\\Microsoft SQL Server\\150\\DTS\\Binn\\;C:\\Program Files\\Azure Data Studio\\bin;S:\\nodejs\\;S:\\Git\\cmd;C:\\Users\\Lin\\AppData\\Local\\Microsoft\\WindowsApps;S:\\Microsoft VS Code\\bin;C:\\Users\\Lin\\AppData\\Roaming\\npm;C:\\Users\\Lin\\.dotnet\\tools","PUBLIC":"C:\\Users\\Public"}}}

--------------------------------
【用户名称】：囍
【用户Id】：167485148799045
【用户Ip】：::ffff:192.168.1.110
【用户端信息】：Mozilla/5.0 (Windows NT 10.0; Win64; x64) AppleWebKit/537.36 (KHTML, like Gecko) Chrome/91.0.4472.164 Safari/537.36
【请求时间】：2021-07-18 02:26:27.629
【请求星期】：周日
【请求方法】：GET
【请求路径】：/api/Service/AppInfo
【请求查询字段】：
【请求Body】：
【响应时间】：2021-07-18 02:26:27.738
【工作时间ms】：109
【响应数据】：{"Code":200,"Success":true,"Message":"成功","Data":{"Is64BitProcess":true,"EnvironmentName":"Development","AppRootPath":"F:\\Code\\SVN\\CoreFrame\\Fast_v1.0\\Fast","WebRootPath":"F:\\Code\\SVN\\CoreFrame\\Fast_v1.0\\Fast\\wwwroot","FrameworkDescription":".NET 5.0.7","WorkingSet":"141.00 MB","WorkingTime":"0 天 0 时 0 分","UseCpuTime":"3859.375ms"}}

--------------------------------
【用户名称】：囍
【用户Id】：167485148799045
【用户Ip】：::ffff:192.168.1.110
【用户端信息】：Mozilla/5.0 (Windows NT 10.0; Win64; x64) AppleWebKit/537.36 (KHTML, like Gecko) Chrome/91.0.4472.164 Safari/537.36
【请求时间】：2021-07-18 02:50:29.742
【请求星期】：周日
【请求方法】：GET
【请求路径】：/api/Service/SystemInfo
【请求查询字段】：
【请求Body】：
【响应时间】：2021-07-18 02:50:29.831
【工作时间ms】：88
【响应数据】：{"Code":200,"Success":true,"Message":"成功","Data":{"OSVersion":"Microsoft Windows NT 10.0.19042.0","Is64BitOperatingSystem":true,"MachineName":"DESKTOP-F5NHQR3","UserDomainName":"DESKTOP-F5NHQR3","LogicalDrives":["C:\\","D:\\","F:\\","S:\\"],"SystemDirectory":"C:\\Windows\\system32","RunTimes":64680,"UserInteractive":true,"UserName":"Lin","Version":"5.0.7","EnvironmentVariables":{"VSAPPIDDIR":"C:\\Program Files (x86)\\Microsoft Visual Studio\\2019\\Enterprise\\Common7\\IDE\\","VisualStudioDir":"C:\\Users\\Lin\\Documents\\Visual Studio 2019","VSLOGGER_UNIQUEID":"5b6ed1cbb3b448bbb6e9a1465c5ddbfe","ENABLE_XAML_DIAGNOSTICS_SOURCE_INFO":"1","VisualStudioVersion":"16.0","CommonProgramFiles(x86)":"C:\\Program Files (x86)\\Common Files","ProgramFiles(x86)":"C:\\Program Files (x86)","COMPUTERNAME":"DESKTOP-F5NHQR3","PROCESSOR_IDENTIFIER":"Intel64 Family 6 Model 158 Stepping 10, GenuineIntel","VSAPPIDNAME":"devenv.exe","FPS_BROWSER_USER_PROFILE_STRING":"Default","ProgramData":"C:\\ProgramData","OS":"Windows_NT","COMPLUS_NoGuiFromShim":"1","NUMBER_OF_PROCESSORS":"8","windir":"C:\\Windows","ForceIdentityAuthenticationType":"Embedded","MSBuildLoadMicrosoftTargetsReadOnly":"true","SignInWithHomeTenantOnly":"False","CommonProgramFiles":"C:\\Program Files\\Common Files","PkgDefApplicationConfigFile":"C:\\Users\\Lin\\AppData\\Local\\Microsoft\\VisualStudio\\16.0_ccd44cf1\\devenv.exe.config","USERPROFILE":"C:\\Users\\Lin","LOCALAPPDATA":"C:\\Users\\Lin\\AppData\\Local","PROCESSOR_REVISION":"9e0a","ASPNETCORE_HTTPS_PORT":"5001","ASPNETCORE_ENVIRONMENT":"Development","ServiceHubLogSessionKey":"3E282515","USERNAME":"Lin","LOGONSERVER":"\\\\DESKTOP-F5NHQR3","PROCESSOR_LEVEL":"6","PATHEXT":".COM;.EXE;.BAT;.CMD;.VBS;.VBE;.JS;.JSE;.WSF;.WSH;.MSC","DriverData":"C:\\Windows\\System32\\Drivers\\DriverData","TEMP":"C:\\Users\\Lin\\AppData\\Local\\Temp","OneDrive":"C:\\Users\\Lin\\OneDrive","SystemDrive":"C:","ALLUSERSPROFILE":"C:\\ProgramData","VSSKUEDITION":"Enterprise","CommonProgramW6432":"C:\\Program Files\\Common Files","ASPNETCORE_URLS":"https://localhost:5001/;http://localhost:5000/","HOMEPATH":"\\Users\\Lin","VSLANG":"2052","HOMEDRIVE":"C:","TMP":"C:\\Users\\Lin\\AppData\\Local\\Temp","PSModulePath":"%ProgramFiles%\\WindowsPowerShell\\Modules;C:\\Windows\\system32\\WindowsPowerShell\\v1.0\\Modules;C:\\Program Files (x86)\\Microsoft SQL Server\\150\\Tools\\PowerShell\\Modules\\","ComSpec":"C:\\Windows\\system32\\cmd.exe","VisualStudioEdition":"Microsoft Visual Studio Enterprise 2019","COMPLUS_ForceENC":"1","ProgramW6432":"C:\\Program Files","ProgramFiles":"C:\\Program Files","APPDATA":"C:\\Users\\Lin\\AppData\\Roaming","USERDOMAIN":"DESKTOP-F5NHQR3","ThreadedWaitDialogDpiContext":"-4","PROCESSOR_ARCHITECTURE":"AMD64","USERDOMAIN_ROAMINGPROFILE":"DESKTOP-F5NHQR3","FPS_BROWSER_APP_PROFILE_STRING":"Internet Explorer","SystemRoot":"C:\\Windows","Path":"C:\\Windows\\system32;C:\\Windows;C:\\Windows\\System32\\Wbem;C:\\Windows\\System32\\WindowsPowerShell\\v1.0\\;C:\\Windows\\System32\\OpenSSH\\;S:\\TortoiseSVN\\bin;C:\\Program Files\\dotnet\\;C:\\Program Files\\Microsoft SQL Server\\130\\Tools\\Binn\\;C:\\Program Files\\Microsoft SQL Server\\Client SDK\\ODBC\\170\\Tools\\Binn\\;C:\\Program Files (x86)\\Microsoft SQL Server\\150\\Tools\\Binn\\;C:\\Program Files\\Microsoft SQL Server\\150\\Tools\\Binn\\;C:\\Program Files\\Microsoft SQL Server\\150\\DTS\\Binn\\;C:\\Program Files (x86)\\Microsoft SQL Server\\150\\DTS\\Binn\\;C:\\Program Files\\Azure Data Studio\\bin;S:\\nodejs\\;S:\\Git\\cmd;C:\\Users\\Lin\\AppData\\Local\\Microsoft\\WindowsApps;S:\\Microsoft VS Code\\bin;C:\\Users\\Lin\\AppData\\Roaming\\npm;C:\\Users\\Lin\\.dotnet\\tools","PUBLIC":"C:\\Users\\Public"}}}

--------------------------------
【用户名称】：囍
【用户Id】：167485148799045
【用户Ip】：::ffff:192.168.1.110
【用户端信息】：Mozilla/5.0 (Windows NT 10.0; Win64; x64) AppleWebKit/537.36 (KHTML, like Gecko) Chrome/91.0.4472.164 Safari/537.36
【请求时间】：2021-07-18 02:50:29.761
【请求星期】：周日
【请求方法】：GET
【请求路径】：/api/Service/AppInfo
【请求查询字段】：
【请求Body】：
【响应时间】：2021-07-18 02:50:29.834
【工作时间ms】：73
【响应数据】：{"Code":200,"Success":true,"Message":"成功","Data":{"Is64BitProcess":true,"EnvironmentName":"Development","AppRootPath":"F:\\Code\\SVN\\CoreFrame\\Fast_v1.0\\Fast","WebRootPath":"F:\\Code\\SVN\\CoreFrame\\Fast_v1.0\\Fast\\wwwroot","FrameworkDescription":".NET 5.0.7","WorkingSet":"146.00 MB","WorkingTime":"0 天 0 时 24 分","UseCpuTime":"5687.5ms"}}

